# JRE version: OpenJDK Runtime Environment Temurin-21.0.9+10 (21.0.9+10) (build 21.0.9+10-LTS)
# Java VM: OpenJDK 64-Bit Server VM Temurin-21.0.9+10 (21.0.9+10-LTS, mixed mode, sharing, tiered, compressed oops, compressed class ptrs, parallel gc, windows-amd64)
GC Precious Log:
 CardTable entry size: 512
 CPUs: 8 total, 8 available
 Memory: 3889M
 Large Page Support: Disabled
 NUMA Support: Disabled
 Compressed Oops: Enabled (32-bit)
 Alignments: Space 512K, Generation 512K, Heap 2M
 Heap Min Capacity: 100M
 Heap Initial Capacity: 100M
 Heap Max Capacity: 2G
 Pre-touch: Disabled
 Parallel Workers: 8
Heap:
 PSYoungGen      total 3584K, used 2264K [0x00000000d5580000, 0x00000000d5a00000, 0x0000000100000000)
  eden space 3072K, 61% used [0x00000000d5580000,0x00000000d5756370,0x00000000d5880000)
  from space 512K, 75% used [0x00000000d5900000,0x00000000d5960000,0x00000000d5980000)
  to   space 512K, 0% used [0x00000000d5980000,0x00000000d5980000,0x00000000d5a00000)
 ParOldGen       total 235008K, used 234923K [0x0000000080000000, 0x000000008e580000, 0x00000000d5580000)
  object space 235008K, 99% used [0x0000000080000000,0x000000008e56ad88,0x000000008e580000)
 Metaspace       used 76893K, committed 78528K, reserved 1179648K
  class space    used 7891K, committed 8640K, reserved 1048576K
GC Heap History (20 events):
Event: 2315.949 GC heap before
{Heap before GC invocations=258 (full 3):
 PSYoungGen      total 4096K, used 3826K [0x00000000d5580000, 0x00000000d5a80000, 0x0000000100000000)
  eden space 3072K, 100% used [0x00000000d5580000,0x00000000d5880000,0x00000000d5880000)
  from space 1024K, 73% used [0x00000000d5980000,0x00000000d5a3c940,0x00000000d5a80000)
  to   space 1024K, 0% used [0x00000000d5880000,0x00000000d5880000,0x00000000d5980000)
 ParOldGen       total 199680K, used 199333K [0x0000000080000000, 0x000000008c300000, 0x00000000d5580000)
  object space 199680K, 99% used [0x0000000080000000,0x000000008c2a9430,0x000000008c300000)
 Metaspace       used 76755K, committed 78400K, reserved 1179648K
  class space    used 7885K, committed 8640K, reserved 1048576K
}
Event: 2315.951 GC heap after
{Heap after GC invocations=258 (full 3):
 PSYoungGen      total 4096K, used 640K [0x00000000d5580000, 0x00000000d5a80000, 0x0000000100000000)
  eden space 3072K, 0% used [0x00000000d5580000,0x00000000d5580000,0x00000000d5880000)
  from space 1024K, 62% used [0x00000000d5880000,0x00000000d5920000,0x00000000d5980000)
  to   space 1024K, 0% used [0x00000000d5980000,0x00000000d5980000,0x00000000d5a80000)
 ParOldGen       total 200192K, used 199994K [0x0000000080000000, 0x000000008c380000, 0x00000000d5580000)
  object space 200192K, 99% used [0x0000000080000000,0x000000008c34e8b8,0x000000008c380000)
 Metaspace       used 76755K, committed 78400K, reserved 1179648K
  class space    used 7885K, committed 8640K, reserved 1048576K
}
Event: 2316.003 GC heap before
{Heap before GC invocations=259 (full 3):
 PSYoungGen      total 4096K, used 3712K [0x00000000d5580000, 0x00000000d5a80000, 0x0000000100000000)
  eden space 3072K, 100% used [0x00000000d5580000,0x00000000d5880000,0x00000000d5880000)
  from space 1024K, 62% used [0x00000000d5880000,0x00000000d5920000,0x00000000d5980000)
  to   space 1024K, 0% used [0x00000000d5980000,0x00000000d5980000,0x00000000d5a80000)
 ParOldGen       total 200192K, used 199994K [0x0000000080000000, 0x000000008c380000, 0x00000000d5580000)
  object space 200192K, 99% used [0x0000000080000000,0x000000008c34e8b8,0x000000008c380000)
 Metaspace       used 76758K, committed 78400K, reserved 1179648K
  class space    used 7885K, committed 8640K, reserved 1048576K
}
Event: 2316.006 GC heap after
{Heap after GC invocations=259 (full 3):
 PSYoungGen      total 4096K, used 768K [0x00000000d5580000, 0x00000000d5a80000, 0x0000000100000000)
  eden space 3072K, 0% used [0x00000000d5580000,0x00000000d5580000,0x00000000d5880000)
  from space 1024K, 75% used [0x00000000d5980000,0x00000000d5a40000,0x00000000d5a80000)
  to   space 1024K, 0% used [0x00000000d5880000,0x00000000d5880000,0x00000000d5980000)
 ParOldGen       total 200704K, used 200480K [0x0000000080000000, 0x000000008c400000, 0x00000000d5580000)
  object space 200704K, 99% used [0x0000000080000000,0x000000008c3c8168,0x000000008c400000)
 Metaspace       used 76758K, committed 78400K, reserved 1179648K
  class space    used 7885K, committed 8640K, reserved 1048576K
}
Event: 2316.130 GC heap before
{Heap before GC invocations=260 (full 3):
 PSYoungGen      total 4096K, used 3840K [0x00000000d5580000, 0x00000000d5a80000, 0x0000000100000000)
  eden space 3072K, 100% used [0x00000000d5580000,0x00000000d5880000,0x00000000d5880000)
  from space 1024K, 75% used [0x00000000d5980000,0x00000000d5a40000,0x00000000d5a80000)
  to   space 1024K, 0% used [0x00000000d5880000,0x00000000d5880000,0x00000000d5980000)
 ParOldGen       total 200704K, used 200480K [0x0000000080000000, 0x000000008c400000, 0x00000000d5580000)
  object space 200704K, 99% used [0x0000000080000000,0x000000008c3c8168,0x000000008c400000)
 Metaspace       used 76766K, committed 78400K, reserved 1179648K
  class space    used 7885K, committed 8640K, reserved 1048576K
}
Event: 2316.132 GC heap after
{Heap after GC invocations=260 (full 3):
 PSYoungGen      total 4096K, used 672K [0x00000000d5580000, 0x00000000d5a80000, 0x0000000100000000)
  eden space 3072K, 0% used [0x00000000d5580000,0x00000000d5580000,0x00000000d5880000)
  from space 1024K, 65% used [0x00000000d5880000,0x00000000d5928000,0x00000000d5980000)
  to   space 1024K, 0% used [0x00000000d5980000,0x00000000d5980000,0x00000000d5a80000)
 ParOldGen       total 201216K, used 201076K [0x0000000080000000, 0x000000008c480000, 0x00000000d5580000)
  object space 201216K, 99% used [0x0000000080000000,0x000000008c45d088,0x000000008c480000)
 Metaspace       used 76766K, committed 78400K, reserved 1179648K
  class space    used 7885K, committed 8640K, reserved 1048576K
}
Event: 2316.275 GC heap before
{Heap before GC invocations=261 (full 3):
 PSYoungGen      total 4096K, used 3744K [0x00000000d5580000, 0x00000000d5a80000, 0x0000000100000000)
  eden space 3072K, 100% used [0x00000000d5580000,0x00000000d5880000,0x00000000d5880000)
  from space 1024K, 65% used [0x00000000d5880000,0x00000000d5928000,0x00000000d5980000)
  to   space 1024K, 0% used [0x00000000d5980000,0x00000000d5980000,0x00000000d5a80000)
 ParOldGen       total 201216K, used 201076K [0x0000000080000000, 0x000000008c480000, 0x00000000d5580000)
  object space 201216K, 99% used [0x0000000080000000,0x000000008c45d088,0x000000008c480000)
 Metaspace       used 76790K, committed 78400K, reserved 1179648K
  class space    used 7885K, committed 8640K, reserved 1048576K
}
Event: 2316.278 GC heap after
{Heap after GC invocations=261 (full 3):
 PSYoungGen      total 4096K, used 705K [0x00000000d5580000, 0x00000000d5a80000, 0x0000000100000000)
  eden space 3072K, 0% used [0x00000000d5580000,0x00000000d5580000,0x00000000d5880000)
  from space 1024K, 68% used [0x00000000d5980000,0x00000000d5a30408,0x00000000d5a80000)
  to   space 1024K, 0% used [0x00000000d5880000,0x00000000d5880000,0x00000000d5980000)
 ParOldGen       total 201728K, used 201522K [0x0000000080000000, 0x000000008c500000, 0x00000000d5580000)
  object space 201728K, 99% used [0x0000000080000000,0x000000008c4cc838,0x000000008c500000)
 Metaspace       used 76790K, committed 78400K, reserved 1179648K
  class space    used 7885K, committed 8640K, reserved 1048576K
}
Event: 2316.836 GC heap before
{Heap before GC invocations=262 (full 3):
 PSYoungGen      total 4096K, used 3777K [0x00000000d5580000, 0x00000000d5a80000, 0x0000000100000000)
  eden space 3072K, 100% used [0x00000000d5580000,0x00000000d5880000,0x00000000d5880000)
  from space 1024K, 68% used [0x00000000d5980000,0x00000000d5a30408,0x00000000d5a80000)
  to   space 1024K, 0% used [0x00000000d5880000,0x00000000d5880000,0x00000000d5980000)
 ParOldGen       total 233472K, used 232242K [0x0000000080000000, 0x000000008e400000, 0x00000000d5580000)
  object space 233472K, 99% used [0x0000000080000000,0x000000008e2cc868,0x000000008e400000)
 Metaspace       used 76866K, committed 78528K, reserved 1179648K
  class space    used 7891K, committed 8640K, reserved 1048576K
}
Event: 2316.846 GC heap after
{Heap after GC invocations=262 (full 3):
 PSYoungGen      total 4096K, used 469K [0x00000000d5580000, 0x00000000d5a80000, 0x0000000100000000)
  eden space 3072K, 0% used [0x00000000d5580000,0x00000000d5580000,0x00000000d5880000)
  from space 1024K, 45% used [0x00000000d5880000,0x00000000d58f54f0,0x00000000d5980000)
  to   space 1024K, 0% used [0x00000000d5980000,0x00000000d5980000,0x00000000d5a80000)
 ParOldGen       total 233472K, used 232772K [0x0000000080000000, 0x000000008e400000, 0x00000000d5580000)
  object space 233472K, 99% used [0x0000000080000000,0x000000008e3511f8,0x000000008e400000)
 Metaspace       used 76866K, committed 78528K, reserved 1179648K
  class space    used 7891K, committed 8640K, reserved 1048576K
}
Event: 2318.401 GC heap before
{Heap before GC invocations=263 (full 3):
 PSYoungGen      total 4096K, used 3540K [0x00000000d5580000, 0x00000000d5a80000, 0x0000000100000000)
  eden space 3072K, 99% used [0x00000000d5580000,0x00000000d587fed0,0x00000000d5880000)
  from space 1024K, 45% used [0x00000000d5880000,0x00000000d58f54f0,0x00000000d5980000)
  to   space 1024K, 0% used [0x00000000d5980000,0x00000000d5980000,0x00000000d5a80000)
 ParOldGen       total 233472K, used 232772K [0x0000000080000000, 0x000000008e400000, 0x00000000d5580000)
  object space 233472K, 99% used [0x0000000080000000,0x000000008e3511f8,0x000000008e400000)
 Metaspace       used 76883K, committed 78528K, reserved 1179648K
  class space    used 7891K, committed 8640K, reserved 1048576K
}
Event: 2318.421 GC heap after
{Heap after GC invocations=263 (full 3):
 PSYoungGen      total 3584K, used 477K [0x00000000d5580000, 0x00000000d5a00000, 0x0000000100000000)
  eden space 3072K, 0% used [0x00000000d5580000,0x00000000d5580000,0x00000000d5880000)
  from space 512K, 93% used [0x00000000d5980000,0x00000000d59f77f0,0x00000000d5a00000)
  to   space 512K, 0% used [0x00000000d5900000,0x00000000d5900000,0x00000000d5980000)
 ParOldGen       total 233472K, used 233069K [0x0000000080000000, 0x000000008e400000, 0x00000000d5580000)
  object space 233472K, 99% used [0x0000000080000000,0x000000008e39b518,0x000000008e400000)
 Metaspace       used 76883K, committed 78528K, reserved 1179648K
  class space    used 7891K, committed 8640K, reserved 1048576K
}
Event: 2318.489 GC heap before
{Heap before GC invocations=264 (full 3):
 PSYoungGen      total 3584K, used 3549K [0x00000000d5580000, 0x00000000d5a00000, 0x0000000100000000)
  eden space 3072K, 100% used [0x00000000d5580000,0x00000000d5880000,0x00000000d5880000)
  from space 512K, 93% used [0x00000000d5980000,0x00000000d59f77f0,0x00000000d5a00000)
  to   space 512K, 0% used [0x00000000d5900000,0x00000000d5900000,0x00000000d5980000)
 ParOldGen       total 233472K, used 233069K [0x0000000080000000, 0x000000008e400000, 0x00000000d5580000)
  object space 233472K, 99% used [0x0000000080000000,0x000000008e39b518,0x000000008e400000)
 Metaspace       used 76885K, committed 78528K, reserved 1179648K
  class space    used 7891K, committed 8640K, reserved 1048576K
}
Event: 2318.494 GC heap after
{Heap after GC invocations=264 (full 3):
 PSYoungGen      total 3584K, used 512K [0x00000000d5580000, 0x00000000d5a00000, 0x0000000100000000)
  eden space 3072K, 0% used [0x00000000d5580000,0x00000000d5580000,0x00000000d5880000)
  from space 512K, 100% used [0x00000000d5900000,0x00000000d5980000,0x00000000d5980000)
  to   space 512K, 0% used [0x00000000d5980000,0x00000000d5980000,0x00000000d5a00000)
 ParOldGen       total 233984K, used 233563K [0x0000000080000000, 0x000000008e480000, 0x00000000d5580000)
  object space 233984K, 99% used [0x0000000080000000,0x000000008e416d28,0x000000008e480000)
 Metaspace       used 76885K, committed 78528K, reserved 1179648K
  class space    used 7891K, committed 8640K, reserved 1048576K
}
Event: 2318.530 GC heap before
{Heap before GC invocations=265 (full 3):
 PSYoungGen      total 3584K, used 3584K [0x00000000d5580000, 0x00000000d5a00000, 0x0000000100000000)
  eden space 3072K, 100% used [0x00000000d5580000,0x00000000d5880000,0x00000000d5880000)
  from space 512K, 100% used [0x00000000d5900000,0x00000000d5980000,0x00000000d5980000)
  to   space 512K, 0% used [0x00000000d5980000,0x00000000d5980000,0x00000000d5a00000)
 ParOldGen       total 233984K, used 233563K [0x0000000080000000, 0x000000008e480000, 0x00000000d5580000)
  object space 233984K, 99% used [0x0000000080000000,0x000000008e416d28,0x000000008e480000)
 Metaspace       used 76885K, committed 78528K, reserved 1179648K
  class space    used 7891K, committed 8640K, reserved 1048576K
}
Event: 2318.532 GC heap after
{Heap after GC invocations=265 (full 3):
 PSYoungGen      total 3584K, used 352K [0x00000000d5580000, 0x00000000d5a80000, 0x0000000100000000)
  eden space 3072K, 0% used [0x00000000d5580000,0x00000000d5580000,0x00000000d5880000)
  from space 512K, 68% used [0x00000000d5980000,0x00000000d59d8000,0x00000000d5a00000)
  to   space 1024K, 0% used [0x00000000d5880000,0x00000000d5880000,0x00000000d5980000)
 ParOldGen       total 234496K, used 234075K [0x0000000080000000, 0x000000008e500000, 0x00000000d5580000)
  object space 234496K, 99% used [0x0000000080000000,0x000000008e496d28,0x000000008e500000)
 Metaspace       used 76885K, committed 78528K, reserved 1179648K
  class space    used 7891K, committed 8640K, reserved 1048576K
}
Event: 2318.556 GC heap before
{Heap before GC invocations=266 (full 3):
 PSYoungGen      total 3584K, used 3424K [0x00000000d5580000, 0x00000000d5a80000, 0x0000000100000000)
  eden space 3072K, 100% used [0x00000000d5580000,0x00000000d5880000,0x00000000d5880000)
  from space 512K, 68% used [0x00000000d5980000,0x00000000d59d8000,0x00000000d5a00000)
  to   space 1024K, 0% used [0x00000000d5880000,0x00000000d5880000,0x00000000d5980000)
 ParOldGen       total 234496K, used 234075K [0x0000000080000000, 0x000000008e500000, 0x00000000d5580000)
  object space 234496K, 99% used [0x0000000080000000,0x000000008e496d28,0x000000008e500000)
 Metaspace       used 76885K, committed 78528K, reserved 1179648K
  class space    used 7891K, committed 8640K, reserved 1048576K
}
Event: 2318.559 GC heap after
{Heap after GC invocations=266 (full 3):
 PSYoungGen      total 4096K, used 480K [0x00000000d5580000, 0x00000000d5a00000, 0x0000000100000000)
  eden space 3072K, 0% used [0x00000000d5580000,0x00000000d5580000,0x00000000d5880000)
  from space 1024K, 46% used [0x00000000d5880000,0x00000000d58f8020,0x00000000d5980000)
  to   space 512K, 0% used [0x00000000d5980000,0x00000000d5980000,0x00000000d5a00000)
 ParOldGen       total 234496K, used 234291K [0x0000000080000000, 0x000000008e500000, 0x00000000d5580000)
  object space 234496K, 99% used [0x0000000080000000,0x000000008e4ccd48,0x000000008e500000)
 Metaspace       used 76885K, committed 78528K, reserved 1179648K
  class space    used 7891K, committed 8640K, reserved 1048576K
}
Event: 2318.592 GC heap before
{Heap before GC invocations=267 (full 3):
 PSYoungGen      total 4096K, used 3552K [0x00000000d5580000, 0x00000000d5a00000, 0x0000000100000000)
  eden space 3072K, 100% used [0x00000000d5580000,0x00000000d5880000,0x00000000d5880000)
  from space 1024K, 46% used [0x00000000d5880000,0x00000000d58f8020,0x00000000d5980000)
  to   space 512K, 0% used [0x00000000d5980000,0x00000000d5980000,0x00000000d5a00000)
 ParOldGen       total 234496K, used 234291K [0x0000000080000000, 0x000000008e500000, 0x00000000d5580000)
  object space 234496K, 99% used [0x0000000080000000,0x000000008e4ccd48,0x000000008e500000)
 Metaspace       used 76885K, committed 78528K, reserved 1179648K
  class space    used 7891K, committed 8640K, reserved 1048576K
}
Event: 2318.594 GC heap after
{Heap after GC invocations=267 (full 3):
 PSYoungGen      total 3584K, used 416K [0x00000000d5580000, 0x00000000d5a00000, 0x0000000100000000)
  eden space 3072K, 0% used [0x00000000d5580000,0x00000000d5580000,0x00000000d5880000)
  from space 512K, 81% used [0x00000000d5980000,0x00000000d59e8000,0x00000000d5a00000)
  to   space 512K, 0% used [0x00000000d5900000,0x00000000d5900000,0x00000000d5980000)
 ParOldGen       total 235008K, used 234651K [0x0000000080000000, 0x000000008e580000, 0x00000000d5580000)
  object space 235008K, 99% used [0x0000000080000000,0x000000008e526d68,0x000000008e580000)
 Metaspace       used 76885K, committed 78528K, reserved 1179648K
  class space    used 7891K, committed 8640K, reserved 1048576K
}

