# JRE version: OpenJDK Runtime Environment Temurin-21.0.9+10 (21.0.9+10) (build 21.0.9+10-LTS)
# Java VM: OpenJDK 64-Bit Server VM Temurin-21.0.9+10 (21.0.9+10-LTS, mixed mode, sharing, tiered, compressed oops, compressed class ptrs, parallel gc, windows-amd64)
GC Precious Log:
 CardTable entry size: 512
 CPUs: 8 total, 8 available
 Memory: 3889M
 Large Page Support: Disabled
 NUMA Support: Disabled
 Compressed Oops: Enabled (32-bit)
 Alignments: Space 512K, Generation 512K, Heap 2M
 Heap Min Capacity: 100M
 Heap Initial Capacity: 100M
 Heap Max Capacity: 2G
 Pre-touch: Disabled
 Parallel Workers: 8
Heap:
 PSYoungGen      total 5120K, used 1442K [0x00000000d5580000, 0x00000000d6500000, 0x0000000100000000)
  eden space 4608K, 20% used [0x00000000d5580000,0x00000000d5669dc0,0x00000000d5a00000)
  from space 512K, 98% used [0x00000000d6400000,0x00000000d647eae0,0x00000000d6480000)
  to   space 512K, 0% used [0x00000000d6480000,0x00000000d6480000,0x00000000d6500000)
 ParOldGen       total 68608K, used 52454K [0x0000000080000000, 0x0000000084300000, 0x00000000d5580000)
  object space 68608K, 76% used [0x0000000080000000,0x0000000083339bd8,0x0000000084300000)
 Metaspace       used 50402K, committed 51712K, reserved 1114112K
  class space    used 5415K, committed 5952K, reserved 1048576K
GC Heap History (20 events):
Event: 51.969 GC heap before
{Heap before GC invocations=28 (full 2):
 PSYoungGen      total 18944K, used 18784K [0x00000000d5580000, 0x00000000d6a00000, 0x0000000100000000)
  eden space 16896K, 100% used [0x00000000d5580000,0x00000000d6600000,0x00000000d6600000)
  from space 2048K, 92% used [0x00000000d6700000,0x00000000d68d8000,0x00000000d6900000)
  to   space 1024K, 0% used [0x00000000d6900000,0x00000000d6900000,0x00000000d6a00000)
 ParOldGen       total 68608K, used 37759K [0x0000000080000000, 0x0000000084300000, 0x00000000d5580000)
  object space 68608K, 55% used [0x0000000080000000,0x00000000824dfd08,0x0000000084300000)
 Metaspace       used 47771K, committed 49024K, reserved 1114112K
  class space    used 5109K, committed 5632K, reserved 1048576K
}
Event: 51.987 GC heap after
{Heap after GC invocations=28 (full 2):
 PSYoungGen      total 5632K, used 992K [0x00000000d5580000, 0x00000000d8400000, 0x0000000100000000)
  eden space 4608K, 0% used [0x00000000d5580000,0x00000000d5580000,0x00000000d5a00000)
  from space 1024K, 96% used [0x00000000d6900000,0x00000000d69f8378,0x00000000d6a00000)
  to   space 15360K, 0% used [0x00000000d5a00000,0x00000000d5a00000,0x00000000d6900000)
 ParOldGen       total 68608K, used 49764K [0x0000000080000000, 0x0000000084300000, 0x00000000d5580000)
  object space 68608K, 72% used [0x0000000080000000,0x0000000083099240,0x0000000084300000)
 Metaspace       used 47771K, committed 49024K, reserved 1114112K
  class space    used 5109K, committed 5632K, reserved 1048576K
}
Event: 52.655 GC heap before
{Heap before GC invocations=29 (full 2):
 PSYoungGen      total 5632K, used 5600K [0x00000000d5580000, 0x00000000d8400000, 0x0000000100000000)
  eden space 4608K, 100% used [0x00000000d5580000,0x00000000d5a00000,0x00000000d5a00000)
  from space 1024K, 96% used [0x00000000d6900000,0x00000000d69f8378,0x00000000d6a00000)
  to   space 15360K, 0% used [0x00000000d5a00000,0x00000000d5a00000,0x00000000d6900000)
 ParOldGen       total 68608K, used 49764K [0x0000000080000000, 0x0000000084300000, 0x00000000d5580000)
  object space 68608K, 72% used [0x0000000080000000,0x0000000083099240,0x0000000084300000)
 Metaspace       used 48373K, committed 49664K, reserved 1114112K
  class space    used 5181K, committed 5696K, reserved 1048576K
}
Event: 52.658 GC heap after
{Heap after GC invocations=29 (full 2):
 PSYoungGen      total 5632K, used 541K [0x00000000d5580000, 0x00000000d6980000, 0x0000000100000000)
  eden space 4608K, 0% used [0x00000000d5580000,0x00000000d5580000,0x00000000d5a00000)
  from space 1024K, 52% used [0x00000000d5a00000,0x00000000d5a87600,0x00000000d5b00000)
  to   space 5120K, 0% used [0x00000000d6480000,0x00000000d6480000,0x00000000d6980000)
 ParOldGen       total 68608K, used 50771K [0x0000000080000000, 0x0000000084300000, 0x00000000d5580000)
  object space 68608K, 74% used [0x0000000080000000,0x0000000083194d18,0x0000000084300000)
 Metaspace       used 48373K, committed 49664K, reserved 1114112K
  class space    used 5181K, committed 5696K, reserved 1048576K
}
Event: 53.371 GC heap before
{Heap before GC invocations=30 (full 2):
 PSYoungGen      total 5632K, used 5149K [0x00000000d5580000, 0x00000000d6980000, 0x0000000100000000)
  eden space 4608K, 100% used [0x00000000d5580000,0x00000000d5a00000,0x00000000d5a00000)
  from space 1024K, 52% used [0x00000000d5a00000,0x00000000d5a87600,0x00000000d5b00000)
  to   space 5120K, 0% used [0x00000000d6480000,0x00000000d6480000,0x00000000d6980000)
 ParOldGen       total 68608K, used 50771K [0x0000000080000000, 0x0000000084300000, 0x00000000d5580000)
  object space 68608K, 74% used [0x0000000080000000,0x0000000083194d18,0x0000000084300000)
 Metaspace       used 48846K, committed 50112K, reserved 1114112K
  class space    used 5243K, committed 5760K, reserved 1048576K
}
Event: 53.375 GC heap after
{Heap after GC invocations=30 (full 2):
 PSYoungGen      total 5120K, used 320K [0x00000000d5580000, 0x00000000d6500000, 0x0000000100000000)
  eden space 4608K, 0% used [0x00000000d5580000,0x00000000d5580000,0x00000000d5a00000)
  from space 512K, 62% used [0x00000000d6480000,0x00000000d64d0000,0x00000000d6500000)
  to   space 1536K, 0% used [0x00000000d6200000,0x00000000d6200000,0x00000000d6380000)
 ParOldGen       total 68608K, used 51152K [0x0000000080000000, 0x0000000084300000, 0x00000000d5580000)
  object space 68608K, 74% used [0x0000000080000000,0x00000000831f4338,0x0000000084300000)
 Metaspace       used 48846K, committed 50112K, reserved 1114112K
  class space    used 5243K, committed 5760K, reserved 1048576K
}
Event: 53.643 GC heap before
{Heap before GC invocations=31 (full 2):
 PSYoungGen      total 5120K, used 4888K [0x00000000d5580000, 0x00000000d6500000, 0x0000000100000000)
  eden space 4608K, 99% used [0x00000000d5580000,0x00000000d59f62d0,0x00000000d5a00000)
  from space 512K, 62% used [0x00000000d6480000,0x00000000d64d0000,0x00000000d6500000)
  to   space 1536K, 0% used [0x00000000d6200000,0x00000000d6200000,0x00000000d6380000)
 ParOldGen       total 68608K, used 51152K [0x0000000080000000, 0x0000000084300000, 0x00000000d5580000)
  object space 68608K, 74% used [0x0000000080000000,0x00000000831f4338,0x0000000084300000)
 Metaspace       used 48907K, committed 50240K, reserved 1114112K
  class space    used 5269K, committed 5824K, reserved 1048576K
}
Event: 53.648 GC heap after
{Heap after GC invocations=31 (full 2):
 PSYoungGen      total 6144K, used 224K [0x00000000d5580000, 0x00000000d6500000, 0x0000000100000000)
  eden space 4608K, 0% used [0x00000000d5580000,0x00000000d5580000,0x00000000d5a00000)
  from space 1536K, 14% used [0x00000000d6200000,0x00000000d6238000,0x00000000d6380000)
  to   space 512K, 0% used [0x00000000d6480000,0x00000000d6480000,0x00000000d6500000)
 ParOldGen       total 68608K, used 51326K [0x0000000080000000, 0x0000000084300000, 0x00000000d5580000)
  object space 68608K, 74% used [0x0000000080000000,0x000000008321fa10,0x0000000084300000)
 Metaspace       used 48907K, committed 50240K, reserved 1114112K
  class space    used 5269K, committed 5824K, reserved 1048576K
}
Event: 53.890 GC heap before
{Heap before GC invocations=32 (full 2):
 PSYoungGen      total 6144K, used 4832K [0x00000000d5580000, 0x00000000d6500000, 0x0000000100000000)
  eden space 4608K, 100% used [0x00000000d5580000,0x00000000d5a00000,0x00000000d5a00000)
  from space 1536K, 14% used [0x00000000d6200000,0x00000000d6238000,0x00000000d6380000)
  to   space 512K, 0% used [0x00000000d6480000,0x00000000d6480000,0x00000000d6500000)
 ParOldGen       total 68608K, used 51326K [0x0000000080000000, 0x0000000084300000, 0x00000000d5580000)
  object space 68608K, 74% used [0x0000000080000000,0x000000008321fa10,0x0000000084300000)
 Metaspace       used 49046K, committed 50304K, reserved 1114112K
  class space    used 5292K, committed 5824K, reserved 1048576K
}
Event: 53.891 GC heap after
{Heap after GC invocations=32 (full 2):
 PSYoungGen      total 5120K, used 288K [0x00000000d5580000, 0x00000000d6500000, 0x0000000100000000)
  eden space 4608K, 0% used [0x00000000d5580000,0x00000000d5580000,0x00000000d5a00000)
  from space 512K, 56% used [0x00000000d6480000,0x00000000d64c8000,0x00000000d6500000)
  to   space 512K, 0% used [0x00000000d6400000,0x00000000d6400000,0x00000000d6480000)
 ParOldGen       total 68608K, used 51374K [0x0000000080000000, 0x0000000084300000, 0x00000000d5580000)
  object space 68608K, 74% used [0x0000000080000000,0x000000008322ba10,0x0000000084300000)
 Metaspace       used 49046K, committed 50304K, reserved 1114112K
  class space    used 5292K, committed 5824K, reserved 1048576K
}
Event: 54.162 GC heap before
{Heap before GC invocations=33 (full 2):
 PSYoungGen      total 5120K, used 4896K [0x00000000d5580000, 0x00000000d6500000, 0x0000000100000000)
  eden space 4608K, 100% used [0x00000000d5580000,0x00000000d5a00000,0x00000000d5a00000)
  from space 512K, 56% used [0x00000000d6480000,0x00000000d64c8000,0x00000000d6500000)
  to   space 512K, 0% used [0x00000000d6400000,0x00000000d6400000,0x00000000d6480000)
 ParOldGen       total 68608K, used 51374K [0x0000000080000000, 0x0000000084300000, 0x00000000d5580000)
  object space 68608K, 74% used [0x0000000080000000,0x000000008322ba10,0x0000000084300000)
 Metaspace       used 49393K, committed 50688K, reserved 1114112K
  class space    used 5317K, committed 5824K, reserved 1048576K
}
Event: 54.167 GC heap after
{Heap after GC invocations=33 (full 2):
 PSYoungGen      total 5120K, used 256K [0x00000000d5580000, 0x00000000d6500000, 0x0000000100000000)
  eden space 4608K, 0% used [0x00000000d5580000,0x00000000d5580000,0x00000000d5a00000)
  from space 512K, 50% used [0x00000000d6400000,0x00000000d6440000,0x00000000d6480000)
  to   space 512K, 0% used [0x00000000d6480000,0x00000000d6480000,0x00000000d6500000)
 ParOldGen       total 68608K, used 51494K [0x0000000080000000, 0x0000000084300000, 0x00000000d5580000)
  object space 68608K, 75% used [0x0000000080000000,0x0000000083249a10,0x0000000084300000)
 Metaspace       used 49393K, committed 50688K, reserved 1114112K
  class space    used 5317K, committed 5824K, reserved 1048576K
}
Event: 54.310 GC heap before
{Heap before GC invocations=34 (full 2):
 PSYoungGen      total 5120K, used 4864K [0x00000000d5580000, 0x00000000d6500000, 0x0000000100000000)
  eden space 4608K, 100% used [0x00000000d5580000,0x00000000d5a00000,0x00000000d5a00000)
  from space 512K, 50% used [0x00000000d6400000,0x00000000d6440000,0x00000000d6480000)
  to   space 512K, 0% used [0x00000000d6480000,0x00000000d6480000,0x00000000d6500000)
 ParOldGen       total 68608K, used 51494K [0x0000000080000000, 0x0000000084300000, 0x00000000d5580000)
  object space 68608K, 75% used [0x0000000080000000,0x0000000083249a10,0x0000000084300000)
 Metaspace       used 49593K, committed 50880K, reserved 1114112K
  class space    used 5343K, committed 5888K, reserved 1048576K
}
Event: 54.313 GC heap after
{Heap after GC invocations=34 (full 2):
 PSYoungGen      total 5120K, used 192K [0x00000000d5580000, 0x00000000d6500000, 0x0000000100000000)
  eden space 4608K, 0% used [0x00000000d5580000,0x00000000d5580000,0x00000000d5a00000)
  from space 512K, 37% used [0x00000000d6480000,0x00000000d64b0000,0x00000000d6500000)
  to   space 512K, 0% used [0x00000000d6400000,0x00000000d6400000,0x00000000d6480000)
 ParOldGen       total 68608K, used 51590K [0x0000000080000000, 0x0000000084300000, 0x00000000d5580000)
  object space 68608K, 75% used [0x0000000080000000,0x0000000083261a10,0x0000000084300000)
 Metaspace       used 49593K, committed 50880K, reserved 1114112K
  class space    used 5343K, committed 5888K, reserved 1048576K
}
Event: 54.427 GC heap before
{Heap before GC invocations=35 (full 2):
 PSYoungGen      total 5120K, used 4800K [0x00000000d5580000, 0x00000000d6500000, 0x0000000100000000)
  eden space 4608K, 100% used [0x00000000d5580000,0x00000000d5a00000,0x00000000d5a00000)
  from space 512K, 37% used [0x00000000d6480000,0x00000000d64b0000,0x00000000d6500000)
  to   space 512K, 0% used [0x00000000d6400000,0x00000000d6400000,0x00000000d6480000)
 ParOldGen       total 68608K, used 51590K [0x0000000080000000, 0x0000000084300000, 0x00000000d5580000)
  object space 68608K, 75% used [0x0000000080000000,0x0000000083261a10,0x0000000084300000)
 Metaspace       used 49872K, committed 51200K, reserved 1114112K
  class space    used 5366K, committed 5888K, reserved 1048576K
}
Event: 54.429 GC heap after
{Heap after GC invocations=35 (full 2):
 PSYoungGen      total 5120K, used 320K [0x00000000d5580000, 0x00000000d6500000, 0x0000000100000000)
  eden space 4608K, 0% used [0x00000000d5580000,0x00000000d5580000,0x00000000d5a00000)
  from space 512K, 62% used [0x00000000d6400000,0x00000000d6450010,0x00000000d6480000)
  to   space 512K, 0% used [0x00000000d6480000,0x00000000d6480000,0x00000000d6500000)
 ParOldGen       total 68608K, used 51662K [0x0000000080000000, 0x0000000084300000, 0x00000000d5580000)
  object space 68608K, 75% used [0x0000000080000000,0x0000000083273a10,0x0000000084300000)
 Metaspace       used 49872K, committed 51200K, reserved 1114112K
  class space    used 5366K, committed 5888K, reserved 1048576K
}
Event: 54.608 GC heap before
{Heap before GC invocations=36 (full 2):
 PSYoungGen      total 5120K, used 4919K [0x00000000d5580000, 0x00000000d6500000, 0x0000000100000000)
  eden space 4608K, 99% used [0x00000000d5580000,0x00000000d59fde58,0x00000000d5a00000)
  from space 512K, 62% used [0x00000000d6400000,0x00000000d6450010,0x00000000d6480000)
  to   space 512K, 0% used [0x00000000d6480000,0x00000000d6480000,0x00000000d6500000)
 ParOldGen       total 68608K, used 51662K [0x0000000080000000, 0x0000000084300000, 0x00000000d5580000)
  object space 68608K, 75% used [0x0000000080000000,0x0000000083273a10,0x0000000084300000)
 Metaspace       used 50292K, committed 51584K, reserved 1114112K
  class space    used 5392K, committed 5888K, reserved 1048576K
}
Event: 54.610 GC heap after
{Heap after GC invocations=36 (full 2):
 PSYoungGen      total 5120K, used 224K [0x00000000d5580000, 0x00000000d6500000, 0x0000000100000000)
  eden space 4608K, 0% used [0x00000000d5580000,0x00000000d5580000,0x00000000d5a00000)
  from space 512K, 43% used [0x00000000d6480000,0x00000000d64b8000,0x00000000d6500000)
  to   space 512K, 0% used [0x00000000d6400000,0x00000000d6400000,0x00000000d6480000)
 ParOldGen       total 68608K, used 51742K [0x0000000080000000, 0x0000000084300000, 0x00000000d5580000)
  object space 68608K, 75% used [0x0000000080000000,0x0000000083287a10,0x0000000084300000)
 Metaspace       used 50292K, committed 51584K, reserved 1114112K
  class space    used 5392K, committed 5888K, reserved 1048576K
}
Event: 65.244 GC heap before
{Heap before GC invocations=37 (full 2):
 PSYoungGen      total 5120K, used 4832K [0x00000000d5580000, 0x00000000d6500000, 0x0000000100000000)
  eden space 4608K, 100% used [0x00000000d5580000,0x00000000d5a00000,0x00000000d5a00000)
  from space 512K, 43% used [0x00000000d6480000,0x00000000d64b8000,0x00000000d6500000)
  to   space 512K, 0% used [0x00000000d6400000,0x00000000d6400000,0x00000000d6480000)
 ParOldGen       total 68608K, used 51742K [0x0000000080000000, 0x0000000084300000, 0x00000000d5580000)
  object space 68608K, 75% used [0x0000000080000000,0x0000000083287a10,0x0000000084300000)
 Metaspace       used 50402K, committed 51712K, reserved 1114112K
  class space    used 5415K, committed 5952K, reserved 1048576K
}
Event: 65.267 GC heap after
{Heap after GC invocations=37 (full 2):
 PSYoungGen      total 5120K, used 506K [0x00000000d5580000, 0x00000000d6500000, 0x0000000100000000)
  eden space 4608K, 0% used [0x00000000d5580000,0x00000000d5580000,0x00000000d5a00000)
  from space 512K, 98% used [0x00000000d6400000,0x00000000d647eae0,0x00000000d6480000)
  to   space 512K, 0% used [0x00000000d6480000,0x00000000d6480000,0x00000000d6500000)
 ParOldGen       total 68608K, used 52454K [0x0000000080000000, 0x0000000084300000, 0x00000000d5580000)
  object space 68608K, 76% used [0x0000000080000000,0x0000000083339bd8,0x0000000084300000)
 Metaspace       used 50402K, committed 51712K, reserved 1114112K
  class space    used 5415K, committed 5952K, reserved 1048576K
}

