# JRE version: OpenJDK Runtime Environment Temurin-21.0.9+10 (21.0.9+10) (build 21.0.9+10-LTS)
# Java VM: OpenJDK 64-Bit Server VM Temurin-21.0.9+10 (21.0.9+10-LTS, mixed mode, sharing, tiered, compressed oops, compressed class ptrs, parallel gc, windows-amd64)
GC Precious Log:
 CardTable entry size: 512
 CPUs: 8 total, 8 available
 Memory: 3889M
 Large Page Support: Disabled
 NUMA Support: Disabled
 Compressed Oops: Enabled (32-bit)
 Alignments: Space 512K, Generation 512K, Heap 2M
 Heap Min Capacity: 100M
 Heap Initial Capacity: 100M
 Heap Max Capacity: 2G
 Pre-touch: Disabled
 Parallel Workers: 8
Heap:
 PSYoungGen      total 20992K, used 8151K [0x00000000d5580000, 0x00000000d6b80000, 0x0000000100000000)
  eden space 20480K, 38% used [0x00000000d5580000,0x00000000d5d1f510,0x00000000d6980000)
  from space 512K, 67% used [0x00000000d6a80000,0x00000000d6ad69e0,0x00000000d6b00000)
  to   space 512K, 0% used [0x00000000d6b00000,0x00000000d6b00000,0x00000000d6b80000)
 ParOldGen       total 68608K, used 32997K [0x0000000080000000, 0x0000000084300000, 0x00000000d5580000)
  object space 68608K, 48% used [0x0000000080000000,0x0000000082039730,0x0000000084300000)
 Metaspace       used 37885K, committed 38784K, reserved 1114112K
  class space    used 3825K, committed 4224K, reserved 1048576K
GC Heap History (20 events):
Event: 10.776 GC heap before
{Heap before GC invocations=14 (full 1):
 PSYoungGen      total 22528K, used 22513K [0x00000000d5580000, 0x00000000d7600000, 0x0000000100000000)
  eden space 20480K, 100% used [0x00000000d5580000,0x00000000d6980000,0x00000000d6980000)
  from space 2048K, 99% used [0x00000000d6f00000,0x00000000d70fc420,0x00000000d7100000)
  to   space 5632K, 0% used [0x00000000d6980000,0x00000000d6980000,0x00000000d6f00000)
 ParOldGen       total 68608K, used 21147K [0x0000000080000000, 0x0000000084300000, 0x00000000d5580000)
  object space 68608K, 30% used [0x0000000080000000,0x00000000814a6d58,0x0000000084300000)
 Metaspace       used 32188K, committed 33088K, reserved 1114112K
  class space    used 3240K, committed 3648K, reserved 1048576K
}
Event: 10.782 GC heap after
{Heap after GC invocations=14 (full 1):
 PSYoungGen      total 23040K, used 2306K [0x00000000d5580000, 0x00000000d7080000, 0x0000000100000000)
  eden space 20480K, 0% used [0x00000000d5580000,0x00000000d5580000,0x00000000d6980000)
  from space 2560K, 90% used [0x00000000d6980000,0x00000000d6bc0800,0x00000000d6c00000)
  to   space 3584K, 0% used [0x00000000d6d00000,0x00000000d6d00000,0x00000000d7080000)
 ParOldGen       total 68608K, used 23142K [0x0000000080000000, 0x0000000084300000, 0x00000000d5580000)
  object space 68608K, 33% used [0x0000000080000000,0x0000000081699a48,0x0000000084300000)
 Metaspace       used 32188K, committed 33088K, reserved 1114112K
  class space    used 3240K, committed 3648K, reserved 1048576K
}
Event: 10.882 GC heap before
{Heap before GC invocations=15 (full 1):
 PSYoungGen      total 23040K, used 22786K [0x00000000d5580000, 0x00000000d7080000, 0x0000000100000000)
  eden space 20480K, 100% used [0x00000000d5580000,0x00000000d6980000,0x00000000d6980000)
  from space 2560K, 90% used [0x00000000d6980000,0x00000000d6bc0800,0x00000000d6c00000)
  to   space 3584K, 0% used [0x00000000d6d00000,0x00000000d6d00000,0x00000000d7080000)
 ParOldGen       total 68608K, used 23142K [0x0000000080000000, 0x0000000084300000, 0x00000000d5580000)
  object space 68608K, 33% used [0x0000000080000000,0x0000000081699a48,0x0000000084300000)
 Metaspace       used 32194K, committed 33088K, reserved 1114112K
  class space    used 3240K, committed 3648K, reserved 1048576K
}
Event: 10.887 GC heap after
{Heap after GC invocations=15 (full 1):
 PSYoungGen      total 23040K, used 2340K [0x00000000d5580000, 0x00000000d6f80000, 0x0000000100000000)
  eden space 20480K, 0% used [0x00000000d5580000,0x00000000d5580000,0x00000000d6980000)
  from space 2560K, 91% used [0x00000000d6d00000,0x00000000d6f49000,0x00000000d6f80000)
  to   space 2560K, 0% used [0x00000000d6980000,0x00000000d6980000,0x00000000d6c00000)
 ParOldGen       total 68608K, used 25252K [0x0000000080000000, 0x0000000084300000, 0x00000000d5580000)
  object space 68608K, 36% used [0x0000000080000000,0x00000000818a93f8,0x0000000084300000)
 Metaspace       used 32194K, committed 33088K, reserved 1114112K
  class space    used 3240K, committed 3648K, reserved 1048576K
}
Event: 11.019 GC heap before
{Heap before GC invocations=16 (full 1):
 PSYoungGen      total 23040K, used 22820K [0x00000000d5580000, 0x00000000d6f80000, 0x0000000100000000)
  eden space 20480K, 100% used [0x00000000d5580000,0x00000000d6980000,0x00000000d6980000)
  from space 2560K, 91% used [0x00000000d6d00000,0x00000000d6f49000,0x00000000d6f80000)
  to   space 2560K, 0% used [0x00000000d6980000,0x00000000d6980000,0x00000000d6c00000)
 ParOldGen       total 68608K, used 25252K [0x0000000080000000, 0x0000000084300000, 0x00000000d5580000)
  object space 68608K, 36% used [0x0000000080000000,0x00000000818a93f8,0x0000000084300000)
 Metaspace       used 32225K, committed 33088K, reserved 1114112K
  class space    used 3241K, committed 3648K, reserved 1048576K
}
Event: 11.026 GC heap after
{Heap after GC invocations=16 (full 1):
 PSYoungGen      total 23040K, used 2272K [0x00000000d5580000, 0x00000000d6e80000, 0x0000000100000000)
  eden space 20480K, 0% used [0x00000000d5580000,0x00000000d5580000,0x00000000d6980000)
  from space 2560K, 88% used [0x00000000d6980000,0x00000000d6bb8010,0x00000000d6c00000)
  to   space 2560K, 0% used [0x00000000d6c00000,0x00000000d6c00000,0x00000000d6e80000)
 ParOldGen       total 68608K, used 27461K [0x0000000080000000, 0x0000000084300000, 0x00000000d5580000)
  object space 68608K, 40% used [0x0000000080000000,0x0000000081ad14f8,0x0000000084300000)
 Metaspace       used 32225K, committed 33088K, reserved 1114112K
  class space    used 3241K, committed 3648K, reserved 1048576K
}
Event: 11.206 GC heap before
{Heap before GC invocations=17 (full 1):
 PSYoungGen      total 23040K, used 22752K [0x00000000d5580000, 0x00000000d6e80000, 0x0000000100000000)
  eden space 20480K, 100% used [0x00000000d5580000,0x00000000d6980000,0x00000000d6980000)
  from space 2560K, 88% used [0x00000000d6980000,0x00000000d6bb8010,0x00000000d6c00000)
  to   space 2560K, 0% used [0x00000000d6c00000,0x00000000d6c00000,0x00000000d6e80000)
 ParOldGen       total 68608K, used 27461K [0x0000000080000000, 0x0000000084300000, 0x00000000d5580000)
  object space 68608K, 40% used [0x0000000080000000,0x0000000081ad14f8,0x0000000084300000)
 Metaspace       used 32682K, committed 33600K, reserved 1114112K
  class space    used 3301K, committed 3712K, reserved 1048576K
}
Event: 11.212 GC heap after
{Heap after GC invocations=17 (full 1):
 PSYoungGen      total 23040K, used 1941K [0x00000000d5580000, 0x00000000d6e80000, 0x0000000100000000)
  eden space 20480K, 0% used [0x00000000d5580000,0x00000000d5580000,0x00000000d6980000)
  from space 2560K, 75% used [0x00000000d6c00000,0x00000000d6de5798,0x00000000d6e80000)
  to   space 2560K, 0% used [0x00000000d6980000,0x00000000d6980000,0x00000000d6c00000)
 ParOldGen       total 68608K, used 29669K [0x0000000080000000, 0x0000000084300000, 0x00000000d5580000)
  object space 68608K, 43% used [0x0000000080000000,0x0000000081cf9508,0x0000000084300000)
 Metaspace       used 32682K, committed 33600K, reserved 1114112K
  class space    used 3301K, committed 3712K, reserved 1048576K
}
Event: 11.782 GC heap before
{Heap before GC invocations=18 (full 1):
 PSYoungGen      total 23040K, used 22421K [0x00000000d5580000, 0x00000000d6e80000, 0x0000000100000000)
  eden space 20480K, 100% used [0x00000000d5580000,0x00000000d6980000,0x00000000d6980000)
  from space 2560K, 75% used [0x00000000d6c00000,0x00000000d6de5798,0x00000000d6e80000)
  to   space 2560K, 0% used [0x00000000d6980000,0x00000000d6980000,0x00000000d6c00000)
 ParOldGen       total 68608K, used 29669K [0x0000000080000000, 0x0000000084300000, 0x00000000d5580000)
  object space 68608K, 43% used [0x0000000080000000,0x0000000081cf9508,0x0000000084300000)
 Metaspace       used 34644K, committed 35584K, reserved 1114112K
  class space    used 3543K, committed 3968K, reserved 1048576K
}
Event: 11.786 GC heap after
{Heap after GC invocations=18 (full 1):
 PSYoungGen      total 21504K, used 709K [0x00000000d5580000, 0x00000000d6c80000, 0x0000000100000000)
  eden space 20480K, 0% used [0x00000000d5580000,0x00000000d5580000,0x00000000d6980000)
  from space 1024K, 69% used [0x00000000d6980000,0x00000000d6a31568,0x00000000d6a80000)
  to   space 1536K, 0% used [0x00000000d6b00000,0x00000000d6b00000,0x00000000d6c80000)
 ParOldGen       total 68608K, used 31421K [0x0000000080000000, 0x0000000084300000, 0x00000000d5580000)
  object space 68608K, 45% used [0x0000000080000000,0x0000000081eaf740,0x0000000084300000)
 Metaspace       used 34644K, committed 35584K, reserved 1114112K
  class space    used 3543K, committed 3968K, reserved 1048576K
}
Event: 11.878 GC heap before
{Heap before GC invocations=19 (full 1):
 PSYoungGen      total 21504K, used 4371K [0x00000000d5580000, 0x00000000d6c80000, 0x0000000100000000)
  eden space 20480K, 17% used [0x00000000d5580000,0x00000000d5913750,0x00000000d6980000)
  from space 1024K, 69% used [0x00000000d6980000,0x00000000d6a31568,0x00000000d6a80000)
  to   space 1536K, 0% used [0x00000000d6b00000,0x00000000d6b00000,0x00000000d6c80000)
 ParOldGen       total 68608K, used 31421K [0x0000000080000000, 0x0000000084300000, 0x00000000d5580000)
  object space 68608K, 45% used [0x0000000080000000,0x0000000081eaf740,0x0000000084300000)
 Metaspace       used 34965K, committed 35840K, reserved 1114112K
  class space    used 3561K, committed 3968K, reserved 1048576K
}
Event: 11.879 GC heap after
{Heap after GC invocations=19 (full 1):
 PSYoungGen      total 20992K, used 224K [0x00000000d5580000, 0x00000000d6b80000, 0x0000000100000000)
  eden space 20480K, 0% used [0x00000000d5580000,0x00000000d5580000,0x00000000d6980000)
  from space 512K, 43% used [0x00000000d6b00000,0x00000000d6b38000,0x00000000d6b80000)
  to   space 512K, 0% used [0x00000000d6a80000,0x00000000d6a80000,0x00000000d6b00000)
 ParOldGen       total 68608K, used 31922K [0x0000000080000000, 0x0000000084300000, 0x00000000d5580000)
  object space 68608K, 46% used [0x0000000080000000,0x0000000081f2c9a0,0x0000000084300000)
 Metaspace       used 34965K, committed 35840K, reserved 1114112K
  class space    used 3561K, committed 3968K, reserved 1048576K
}
Event: 11.879 GC heap before
{Heap before GC invocations=20 (full 2):
 PSYoungGen      total 20992K, used 224K [0x00000000d5580000, 0x00000000d6b80000, 0x0000000100000000)
  eden space 20480K, 0% used [0x00000000d5580000,0x00000000d5580000,0x00000000d6980000)
  from space 512K, 43% used [0x00000000d6b00000,0x00000000d6b38000,0x00000000d6b80000)
  to   space 512K, 0% used [0x00000000d6a80000,0x00000000d6a80000,0x00000000d6b00000)
 ParOldGen       total 68608K, used 31922K [0x0000000080000000, 0x0000000084300000, 0x00000000d5580000)
  object space 68608K, 46% used [0x0000000080000000,0x0000000081f2c9a0,0x0000000084300000)
 Metaspace       used 34965K, committed 35840K, reserved 1114112K
  class space    used 3561K, committed 3968K, reserved 1048576K
}
Event: 11.955 GC heap after
{Heap after GC invocations=20 (full 2):
 PSYoungGen      total 20992K, used 0K [0x00000000d5580000, 0x00000000d6b80000, 0x0000000100000000)
  eden space 20480K, 0% used [0x00000000d5580000,0x00000000d5580000,0x00000000d6980000)
  from space 512K, 0% used [0x00000000d6b00000,0x00000000d6b00000,0x00000000d6b80000)
  to   space 512K, 0% used [0x00000000d6a80000,0x00000000d6a80000,0x00000000d6b00000)
 ParOldGen       total 68608K, used 30794K [0x0000000080000000, 0x0000000084300000, 0x00000000d5580000)
  object space 68608K, 44% used [0x0000000080000000,0x0000000081e12800,0x0000000084300000)
 Metaspace       used 34965K, committed 35840K, reserved 1114112K
  class space    used 3561K, committed 3968K, reserved 1048576K
}
Event: 12.403 GC heap before
{Heap before GC invocations=21 (full 2):
 PSYoungGen      total 20992K, used 20480K [0x00000000d5580000, 0x00000000d6b80000, 0x0000000100000000)
  eden space 20480K, 100% used [0x00000000d5580000,0x00000000d6980000,0x00000000d6980000)
  from space 512K, 0% used [0x00000000d6b00000,0x00000000d6b00000,0x00000000d6b80000)
  to   space 512K, 0% used [0x00000000d6a80000,0x00000000d6a80000,0x00000000d6b00000)
 ParOldGen       total 68608K, used 30794K [0x0000000080000000, 0x0000000084300000, 0x00000000d5580000)
  object space 68608K, 44% used [0x0000000080000000,0x0000000081e12800,0x0000000084300000)
 Metaspace       used 36399K, committed 37312K, reserved 1114112K
  class space    used 3709K, committed 4096K, reserved 1048576K
}
Event: 12.404 GC heap after
{Heap after GC invocations=21 (full 2):
 PSYoungGen      total 20992K, used 480K [0x00000000d5580000, 0x00000000d6b80000, 0x0000000100000000)
  eden space 20480K, 0% used [0x00000000d5580000,0x00000000d5580000,0x00000000d6980000)
  from space 512K, 93% used [0x00000000d6a80000,0x00000000d6af8010,0x00000000d6b00000)
  to   space 512K, 0% used [0x00000000d6b00000,0x00000000d6b00000,0x00000000d6b80000)
 ParOldGen       total 68608K, used 30866K [0x0000000080000000, 0x0000000084300000, 0x00000000d5580000)
  object space 68608K, 44% used [0x0000000080000000,0x0000000081e24800,0x0000000084300000)
 Metaspace       used 36399K, committed 37312K, reserved 1114112K
  class space    used 3709K, committed 4096K, reserved 1048576K
}
Event: 12.879 GC heap before
{Heap before GC invocations=22 (full 2):
 PSYoungGen      total 20992K, used 20960K [0x00000000d5580000, 0x00000000d6b80000, 0x0000000100000000)
  eden space 20480K, 100% used [0x00000000d5580000,0x00000000d6980000,0x00000000d6980000)
  from space 512K, 93% used [0x00000000d6a80000,0x00000000d6af8010,0x00000000d6b00000)
  to   space 512K, 0% used [0x00000000d6b00000,0x00000000d6b00000,0x00000000d6b80000)
 ParOldGen       total 68608K, used 30866K [0x0000000080000000, 0x0000000084300000, 0x00000000d5580000)
  object space 68608K, 44% used [0x0000000080000000,0x0000000081e24800,0x0000000084300000)
 Metaspace       used 37648K, committed 38592K, reserved 1114112K
  class space    used 3818K, committed 4224K, reserved 1048576K
}
Event: 12.881 GC heap after
{Heap after GC invocations=22 (full 2):
 PSYoungGen      total 20992K, used 503K [0x00000000d5580000, 0x00000000d6b80000, 0x0000000100000000)
  eden space 20480K, 0% used [0x00000000d5580000,0x00000000d5580000,0x00000000d6980000)
  from space 512K, 98% used [0x00000000d6b00000,0x00000000d6b7dfc0,0x00000000d6b80000)
  to   space 512K, 0% used [0x00000000d6a80000,0x00000000d6a80000,0x00000000d6b00000)
 ParOldGen       total 68608K, used 32478K [0x0000000080000000, 0x0000000084300000, 0x00000000d5580000)
  object space 68608K, 47% used [0x0000000080000000,0x0000000081fb7988,0x0000000084300000)
 Metaspace       used 37648K, committed 38592K, reserved 1114112K
  class space    used 3818K, committed 4224K, reserved 1048576K
}
Event: 12.974 GC heap before
{Heap before GC invocations=23 (full 2):
 PSYoungGen      total 20992K, used 20983K [0x00000000d5580000, 0x00000000d6b80000, 0x0000000100000000)
  eden space 20480K, 100% used [0x00000000d5580000,0x00000000d6980000,0x00000000d6980000)
  from space 512K, 98% used [0x00000000d6b00000,0x00000000d6b7dfc0,0x00000000d6b80000)
  to   space 512K, 0% used [0x00000000d6a80000,0x00000000d6a80000,0x00000000d6b00000)
 ParOldGen       total 68608K, used 32478K [0x0000000080000000, 0x0000000084300000, 0x00000000d5580000)
  object space 68608K, 47% used [0x0000000080000000,0x0000000081fb7988,0x0000000084300000)
 Metaspace       used 37664K, committed 38592K, reserved 1114112K
  class space    used 3818K, committed 4224K, reserved 1048576K
}
Event: 12.976 GC heap after
{Heap after GC invocations=23 (full 2):
 PSYoungGen      total 20992K, used 346K [0x00000000d5580000, 0x00000000d6b80000, 0x0000000100000000)
  eden space 20480K, 0% used [0x00000000d5580000,0x00000000d5580000,0x00000000d6980000)
  from space 512K, 67% used [0x00000000d6a80000,0x00000000d6ad69e0,0x00000000d6b00000)
  to   space 512K, 0% used [0x00000000d6b00000,0x00000000d6b00000,0x00000000d6b80000)
 ParOldGen       total 68608K, used 32997K [0x0000000080000000, 0x0000000084300000, 0x00000000d5580000)
  object space 68608K, 48% used [0x0000000080000000,0x0000000082039730,0x0000000084300000)
 Metaspace       used 37664K, committed 38592K, reserved 1114112K
  class space    used 3818K, committed 4224K, reserved 1048576K
}

