# JRE version: OpenJDK Runtime Environment Temurin-21.0.9+10 (21.0.9+10) (build 21.0.9+10-LTS)
# Java VM: OpenJDK 64-Bit Server VM Temurin-21.0.9+10 (21.0.9+10-LTS, mixed mode, sharing, tiered, compressed oops, compressed class ptrs, parallel gc, windows-amd64)
GC Precious Log:
 CardTable entry size: 512
 CPUs: 8 total, 8 available
 Memory: 3889M
 Large Page Support: Disabled
 NUMA Support: Disabled
 Compressed Oops: Enabled (32-bit)
 Alignments: Space 512K, Generation 512K, Heap 2M
 Heap Min Capacity: 100M
 Heap Initial Capacity: 100M
 Heap Max Capacity: 2G
 Pre-touch: Disabled
 Parallel Workers: 8
Heap:
 PSYoungGen      total 20992K, used 4804K [0x00000000d5580000, 0x00000000d6b00000, 0x0000000100000000)
  eden space 19968K, 22% used [0x00000000d5580000,0x00000000d59d1110,0x00000000d6900000)
  from space 1024K, 37% used [0x00000000d6900000,0x00000000d6960000,0x00000000d6a00000)
  to   space 512K, 0% used [0x00000000d6a80000,0x00000000d6a80000,0x00000000d6b00000)
 ParOldGen       total 68608K, used 38287K [0x0000000080000000, 0x0000000084300000, 0x00000000d5580000)
  object space 68608K, 55% used [0x0000000080000000,0x0000000082563fb0,0x0000000084300000)
 Metaspace       used 43541K, committed 44608K, reserved 1114112K
  class space    used 4276K, committed 4800K, reserved 1048576K
GC Heap History (20 events):
Event: 15.708 GC heap before
{Heap before GC invocations=21 (full 2):
 PSYoungGen      total 22528K, used 22112K [0x00000000d5580000, 0x00000000d6d00000, 0x0000000100000000)
  eden space 21504K, 100% used [0x00000000d5580000,0x00000000d6a80000,0x00000000d6a80000)
  from space 1024K, 59% used [0x00000000d6c00000,0x00000000d6c98010,0x00000000d6d00000)
  to   space 1024K, 0% used [0x00000000d6b00000,0x00000000d6b00000,0x00000000d6c00000)
 ParOldGen       total 68608K, used 30807K [0x0000000080000000, 0x0000000084300000, 0x00000000d5580000)
  object space 68608K, 44% used [0x0000000080000000,0x0000000081e15c28,0x0000000084300000)
 Metaspace       used 37657K, committed 38656K, reserved 1114112K
  class space    used 3808K, committed 4288K, reserved 1048576K
}
Event: 15.710 GC heap after
{Heap after GC invocations=21 (full 2):
 PSYoungGen      total 22528K, used 608K [0x00000000d5580000, 0x00000000d6c80000, 0x0000000100000000)
  eden space 21504K, 0% used [0x00000000d5580000,0x00000000d5580000,0x00000000d6a80000)
  from space 1024K, 59% used [0x00000000d6b00000,0x00000000d6b98000,0x00000000d6c00000)
  to   space 512K, 0% used [0x00000000d6c00000,0x00000000d6c00000,0x00000000d6c80000)
 ParOldGen       total 68608K, used 31159K [0x0000000080000000, 0x0000000084300000, 0x00000000d5580000)
  object space 68608K, 45% used [0x0000000080000000,0x0000000081e6dc28,0x0000000084300000)
 Metaspace       used 37657K, committed 38656K, reserved 1114112K
  class space    used 3808K, committed 4288K, reserved 1048576K
}
Event: 16.526 GC heap before
{Heap before GC invocations=22 (full 2):
 PSYoungGen      total 22528K, used 22000K [0x00000000d5580000, 0x00000000d6c80000, 0x0000000100000000)
  eden space 21504K, 99% used [0x00000000d5580000,0x00000000d6a64220,0x00000000d6a80000)
  from space 1024K, 59% used [0x00000000d6b00000,0x00000000d6b98000,0x00000000d6c00000)
  to   space 512K, 0% used [0x00000000d6c00000,0x00000000d6c00000,0x00000000d6c80000)
 ParOldGen       total 68608K, used 31159K [0x0000000080000000, 0x0000000084300000, 0x00000000d5580000)
  object space 68608K, 45% used [0x0000000080000000,0x0000000081e6dc28,0x0000000084300000)
 Metaspace       used 38583K, committed 39616K, reserved 1114112K
  class space    used 3884K, committed 4352K, reserved 1048576K
}
Event: 16.530 GC heap after
{Heap after GC invocations=22 (full 2):
 PSYoungGen      total 22016K, used 482K [0x00000000d5580000, 0x00000000d6d80000, 0x0000000100000000)
  eden space 21504K, 0% used [0x00000000d5580000,0x00000000d5580000,0x00000000d6a80000)
  from space 512K, 94% used [0x00000000d6c00000,0x00000000d6c78ba0,0x00000000d6c80000)
  to   space 1536K, 0% used [0x00000000d6a80000,0x00000000d6a80000,0x00000000d6c00000)
 ParOldGen       total 68608K, used 31917K [0x0000000080000000, 0x0000000084300000, 0x00000000d5580000)
  object space 68608K, 46% used [0x0000000080000000,0x0000000081f2b7e0,0x0000000084300000)
 Metaspace       used 38583K, committed 39616K, reserved 1114112K
  class space    used 3884K, committed 4352K, reserved 1048576K
}
Event: 17.097 GC heap before
{Heap before GC invocations=23 (full 2):
 PSYoungGen      total 22016K, used 21986K [0x00000000d5580000, 0x00000000d6d80000, 0x0000000100000000)
  eden space 21504K, 100% used [0x00000000d5580000,0x00000000d6a80000,0x00000000d6a80000)
  from space 512K, 94% used [0x00000000d6c00000,0x00000000d6c78ba0,0x00000000d6c80000)
  to   space 1536K, 0% used [0x00000000d6a80000,0x00000000d6a80000,0x00000000d6c00000)
 ParOldGen       total 68608K, used 31917K [0x0000000080000000, 0x0000000084300000, 0x00000000d5580000)
  object space 68608K, 46% used [0x0000000080000000,0x0000000081f2b7e0,0x0000000084300000)
 Metaspace       used 39276K, committed 40320K, reserved 1114112K
  class space    used 3937K, committed 4416K, reserved 1048576K
}
Event: 17.101 GC heap after
{Heap after GC invocations=23 (full 2):
 PSYoungGen      total 23040K, used 1506K [0x00000000d5580000, 0x00000000d6f80000, 0x0000000100000000)
  eden space 21504K, 0% used [0x00000000d5580000,0x00000000d5580000,0x00000000d6a80000)
  from space 1536K, 98% used [0x00000000d6a80000,0x00000000d6bf8938,0x00000000d6c00000)
  to   space 2560K, 0% used [0x00000000d6d00000,0x00000000d6d00000,0x00000000d6f80000)
 ParOldGen       total 68608K, used 32409K [0x0000000080000000, 0x0000000084300000, 0x00000000d5580000)
  object space 68608K, 47% used [0x0000000080000000,0x0000000081fa6598,0x0000000084300000)
 Metaspace       used 39276K, committed 40320K, reserved 1114112K
  class space    used 3937K, committed 4416K, reserved 1048576K
}
Event: 17.319 GC heap before
{Heap before GC invocations=24 (full 2):
 PSYoungGen      total 23040K, used 23010K [0x00000000d5580000, 0x00000000d6f80000, 0x0000000100000000)
  eden space 21504K, 100% used [0x00000000d5580000,0x00000000d6a80000,0x00000000d6a80000)
  from space 1536K, 98% used [0x00000000d6a80000,0x00000000d6bf8938,0x00000000d6c00000)
  to   space 2560K, 0% used [0x00000000d6d00000,0x00000000d6d00000,0x00000000d6f80000)
 ParOldGen       total 68608K, used 32409K [0x0000000080000000, 0x0000000084300000, 0x00000000d5580000)
  object space 68608K, 47% used [0x0000000080000000,0x0000000081fa6598,0x0000000084300000)
 Metaspace       used 39752K, committed 40832K, reserved 1114112K
  class space    used 4000K, committed 4480K, reserved 1048576K
}
Event: 17.328 GC heap after
{Heap after GC invocations=24 (full 2):
 PSYoungGen      total 23040K, used 1462K [0x00000000d5580000, 0x00000000d6e80000, 0x0000000100000000)
  eden space 21504K, 0% used [0x00000000d5580000,0x00000000d5580000,0x00000000d6a80000)
  from space 1536K, 95% used [0x00000000d6d00000,0x00000000d6e6dac0,0x00000000d6e80000)
  to   space 2048K, 0% used [0x00000000d6a80000,0x00000000d6a80000,0x00000000d6c80000)
 ParOldGen       total 68608K, used 32969K [0x0000000080000000, 0x0000000084300000, 0x00000000d5580000)
  object space 68608K, 48% used [0x0000000080000000,0x0000000082032758,0x0000000084300000)
 Metaspace       used 39752K, committed 40832K, reserved 1114112K
  class space    used 4000K, committed 4480K, reserved 1048576K
}
Event: 17.941 GC heap before
{Heap before GC invocations=25 (full 2):
 PSYoungGen      total 23040K, used 22966K [0x00000000d5580000, 0x00000000d6e80000, 0x0000000100000000)
  eden space 21504K, 100% used [0x00000000d5580000,0x00000000d6a80000,0x00000000d6a80000)
  from space 1536K, 95% used [0x00000000d6d00000,0x00000000d6e6dac0,0x00000000d6e80000)
  to   space 2048K, 0% used [0x00000000d6a80000,0x00000000d6a80000,0x00000000d6c80000)
 ParOldGen       total 68608K, used 32969K [0x0000000080000000, 0x0000000084300000, 0x00000000d5580000)
  object space 68608K, 48% used [0x0000000080000000,0x0000000082032758,0x0000000084300000)
 Metaspace       used 41498K, committed 42560K, reserved 1114112K
  class space    used 4149K, committed 4608K, reserved 1048576K
}
Event: 17.946 GC heap after
{Heap after GC invocations=25 (full 2):
 PSYoungGen      total 23040K, used 1257K [0x00000000d5580000, 0x00000000d6d80000, 0x0000000100000000)
  eden space 21504K, 0% used [0x00000000d5580000,0x00000000d5580000,0x00000000d6a80000)
  from space 1536K, 81% used [0x00000000d6a80000,0x00000000d6bba710,0x00000000d6c00000)
  to   space 1536K, 0% used [0x00000000d6c00000,0x00000000d6c00000,0x00000000d6d80000)
 ParOldGen       total 68608K, used 33833K [0x0000000080000000, 0x0000000084300000, 0x00000000d5580000)
  object space 68608K, 49% used [0x0000000080000000,0x000000008210a7a8,0x0000000084300000)
 Metaspace       used 41498K, committed 42560K, reserved 1114112K
  class space    used 4149K, committed 4608K, reserved 1048576K
}
Event: 19.218 GC heap before
{Heap before GC invocations=26 (full 2):
 PSYoungGen      total 23040K, used 22761K [0x00000000d5580000, 0x00000000d6d80000, 0x0000000100000000)
  eden space 21504K, 100% used [0x00000000d5580000,0x00000000d6a80000,0x00000000d6a80000)
  from space 1536K, 81% used [0x00000000d6a80000,0x00000000d6bba710,0x00000000d6c00000)
  to   space 1536K, 0% used [0x00000000d6c00000,0x00000000d6c00000,0x00000000d6d80000)
 ParOldGen       total 68608K, used 33833K [0x0000000080000000, 0x0000000084300000, 0x00000000d5580000)
  object space 68608K, 49% used [0x0000000080000000,0x000000008210a7a8,0x0000000084300000)
 Metaspace       used 42631K, committed 43712K, reserved 1114112K
  class space    used 4247K, committed 4736K, reserved 1048576K
}
Event: 19.224 GC heap after
{Heap after GC invocations=26 (full 2):
 PSYoungGen      total 21504K, used 1536K [0x00000000d5580000, 0x00000000d7080000, 0x0000000100000000)
  eden space 19968K, 0% used [0x00000000d5580000,0x00000000d5580000,0x00000000d6900000)
  from space 1536K, 100% used [0x00000000d6c00000,0x00000000d6d80000,0x00000000d6d80000)
  to   space 3072K, 0% used [0x00000000d6900000,0x00000000d6900000,0x00000000d6c00000)
 ParOldGen       total 68608K, used 34945K [0x0000000080000000, 0x0000000084300000, 0x00000000d5580000)
  object space 68608K, 50% used [0x0000000080000000,0x00000000822207d8,0x0000000084300000)
 Metaspace       used 42631K, committed 43712K, reserved 1114112K
  class space    used 4247K, committed 4736K, reserved 1048576K
}
Event: 20.728 GC heap before
{Heap before GC invocations=27 (full 2):
 PSYoungGen      total 21504K, used 21504K [0x00000000d5580000, 0x00000000d7080000, 0x0000000100000000)
  eden space 19968K, 100% used [0x00000000d5580000,0x00000000d6900000,0x00000000d6900000)
  from space 1536K, 100% used [0x00000000d6c00000,0x00000000d6d80000,0x00000000d6d80000)
  to   space 3072K, 0% used [0x00000000d6900000,0x00000000d6900000,0x00000000d6c00000)
 ParOldGen       total 68608K, used 34945K [0x0000000080000000, 0x0000000084300000, 0x00000000d5580000)
  object space 68608K, 50% used [0x0000000080000000,0x00000000822207d8,0x0000000084300000)
 Metaspace       used 42972K, committed 44032K, reserved 1114112K
  class space    used 4260K, committed 4736K, reserved 1048576K
}
Event: 20.733 GC heap after
{Heap after GC invocations=27 (full 2):
 PSYoungGen      total 20992K, used 928K [0x00000000d5580000, 0x00000000d6d00000, 0x0000000100000000)
  eden space 19968K, 0% used [0x00000000d5580000,0x00000000d5580000,0x00000000d6900000)
  from space 1024K, 90% used [0x00000000d6900000,0x00000000d69e8020,0x00000000d6a00000)
  to   space 2048K, 0% used [0x00000000d6b00000,0x00000000d6b00000,0x00000000d6d00000)
 ParOldGen       total 68608K, used 36279K [0x0000000080000000, 0x0000000084300000, 0x00000000d5580000)
  object space 68608K, 52% used [0x0000000080000000,0x000000008236dc00,0x0000000084300000)
 Metaspace       used 42972K, committed 44032K, reserved 1114112K
  class space    used 4260K, committed 4736K, reserved 1048576K
}
Event: 22.131 GC heap before
{Heap before GC invocations=28 (full 2):
 PSYoungGen      total 20992K, used 20896K [0x00000000d5580000, 0x00000000d6d00000, 0x0000000100000000)
  eden space 19968K, 100% used [0x00000000d5580000,0x00000000d6900000,0x00000000d6900000)
  from space 1024K, 90% used [0x00000000d6900000,0x00000000d69e8020,0x00000000d6a00000)
  to   space 2048K, 0% used [0x00000000d6b00000,0x00000000d6b00000,0x00000000d6d00000)
 ParOldGen       total 68608K, used 36279K [0x0000000080000000, 0x0000000084300000, 0x00000000d5580000)
  object space 68608K, 52% used [0x0000000080000000,0x000000008236dc00,0x0000000084300000)
 Metaspace       used 43160K, committed 44224K, reserved 1114112K
  class space    used 4265K, committed 4800K, reserved 1048576K
}
Event: 22.135 GC heap after
{Heap after GC invocations=28 (full 2):
 PSYoungGen      total 20992K, used 800K [0x00000000d5580000, 0x00000000d6c00000, 0x0000000100000000)
  eden space 19968K, 0% used [0x00000000d5580000,0x00000000d5580000,0x00000000d6900000)
  from space 1024K, 78% used [0x00000000d6b00000,0x00000000d6bc8000,0x00000000d6c00000)
  to   space 1024K, 0% used [0x00000000d6900000,0x00000000d6900000,0x00000000d6a00000)
 ParOldGen       total 68608K, used 37068K [0x0000000080000000, 0x0000000084300000, 0x00000000d5580000)
  object space 68608K, 54% used [0x0000000080000000,0x0000000082433050,0x0000000084300000)
 Metaspace       used 43160K, committed 44224K, reserved 1114112K
  class space    used 4265K, committed 4800K, reserved 1048576K
}
Event: 22.820 GC heap before
{Heap before GC invocations=29 (full 2):
 PSYoungGen      total 20992K, used 20768K [0x00000000d5580000, 0x00000000d6c00000, 0x0000000100000000)
  eden space 19968K, 100% used [0x00000000d5580000,0x00000000d6900000,0x00000000d6900000)
  from space 1024K, 78% used [0x00000000d6b00000,0x00000000d6bc8000,0x00000000d6c00000)
  to   space 1024K, 0% used [0x00000000d6900000,0x00000000d6900000,0x00000000d6a00000)
 ParOldGen       total 68608K, used 37068K [0x0000000080000000, 0x0000000084300000, 0x00000000d5580000)
  object space 68608K, 54% used [0x0000000080000000,0x0000000082433050,0x0000000084300000)
 Metaspace       used 43313K, committed 44416K, reserved 1114112K
  class space    used 4271K, committed 4800K, reserved 1048576K
}
Event: 22.824 GC heap after
{Heap after GC invocations=29 (full 2):
 PSYoungGen      total 20992K, used 903K [0x00000000d5580000, 0x00000000d6b80000, 0x0000000100000000)
  eden space 19968K, 0% used [0x00000000d5580000,0x00000000d5580000,0x00000000d6900000)
  from space 1024K, 88% used [0x00000000d6900000,0x00000000d69e1c18,0x00000000d6a00000)
  to   space 1024K, 0% used [0x00000000d6a80000,0x00000000d6a80000,0x00000000d6b80000)
 ParOldGen       total 68608K, used 37581K [0x0000000080000000, 0x0000000084300000, 0x00000000d5580000)
  object space 68608K, 54% used [0x0000000080000000,0x00000000824b3780,0x0000000084300000)
 Metaspace       used 43313K, committed 44416K, reserved 1114112K
  class space    used 4271K, committed 4800K, reserved 1048576K
}
Event: 23.209 GC heap before
{Heap before GC invocations=30 (full 2):
 PSYoungGen      total 20992K, used 20871K [0x00000000d5580000, 0x00000000d6b80000, 0x0000000100000000)
  eden space 19968K, 100% used [0x00000000d5580000,0x00000000d6900000,0x00000000d6900000)
  from space 1024K, 88% used [0x00000000d6900000,0x00000000d69e1c18,0x00000000d6a00000)
  to   space 1024K, 0% used [0x00000000d6a80000,0x00000000d6a80000,0x00000000d6b80000)
 ParOldGen       total 68608K, used 37581K [0x0000000080000000, 0x0000000084300000, 0x00000000d5580000)
  object space 68608K, 54% used [0x0000000080000000,0x00000000824b3780,0x0000000084300000)
 Metaspace       used 43428K, committed 44544K, reserved 1114112K
  class space    used 4275K, committed 4800K, reserved 1048576K
}
Event: 23.211 GC heap after
{Heap after GC invocations=30 (full 2):
 PSYoungGen      total 20992K, used 608K [0x00000000d5580000, 0x00000000d6b80000, 0x0000000100000000)
  eden space 19968K, 0% used [0x00000000d5580000,0x00000000d5580000,0x00000000d6900000)
  from space 1024K, 59% used [0x00000000d6a80000,0x00000000d6b18000,0x00000000d6b80000)
  to   space 1024K, 0% used [0x00000000d6900000,0x00000000d6900000,0x00000000d6a00000)
 ParOldGen       total 68608K, used 38003K [0x0000000080000000, 0x0000000084300000, 0x00000000d5580000)
  object space 68608K, 55% used [0x0000000080000000,0x000000008251cfb0,0x0000000084300000)
 Metaspace       used 43428K, committed 44544K, reserved 1114112K
  class space    used 4275K, committed 4800K, reserved 1048576K
}

