# JRE version: OpenJDK Runtime Environment Temurin-21.0.9+10 (21.0.9+10) (build 21.0.9+10-LTS)
# Java VM: OpenJDK 64-Bit Server VM Temurin-21.0.9+10 (21.0.9+10-LTS, mixed mode, sharing, tiered, compressed oops, compressed class ptrs, parallel gc, windows-amd64)
GC Precious Log:
 CardTable entry size: 512
 CPUs: 8 total, 8 available
 Memory: 3889M
 Large Page Support: Disabled
 NUMA Support: Disabled
 Compressed Oops: Enabled (32-bit)
 Alignments: Space 512K, Generation 512K, Heap 2M
 Heap Min Capacity: 100M
 Heap Initial Capacity: 100M
 Heap Max Capacity: 2G
 Pre-touch: Disabled
 Parallel Workers: 8
Heap:
 PSYoungGen      total 22016K, used 3325K [0x00000000d5580000, 0x00000000d6e80000, 0x0000000100000000)
  eden space 19968K, 8% used [0x00000000d5580000,0x00000000d57375d8,0x00000000d6900000)
  from space 2048K, 76% used [0x00000000d6c80000,0x00000000d6e08000,0x00000000d6e80000)
  to   space 2048K, 0% used [0x00000000d6a80000,0x00000000d6a80000,0x00000000d6c80000)
 ParOldGen       total 68608K, used 29960K [0x0000000080000000, 0x0000000084300000, 0x00000000d5580000)
  object space 68608K, 43% used [0x0000000080000000,0x0000000081d42190,0x0000000084300000)
 Metaspace       used 33422K, committed 34432K, reserved 1114112K
  class space    used 3393K, committed 3840K, reserved 1048576K
GC Heap History (20 events):
Event: 44.337 GC heap before
{Heap before GC invocations=8 (full 1):
 PSYoungGen      total 29696K, used 25088K [0x00000000d5580000, 0x00000000d7900000, 0x0000000100000000)
  eden space 25088K, 100% used [0x00000000d5580000,0x00000000d6e00000,0x00000000d6e00000)
  from space 4608K, 0% used [0x00000000d7480000,0x00000000d7480000,0x00000000d7900000)
  to   space 5120K, 0% used [0x00000000d6f00000,0x00000000d6f00000,0x00000000d7400000)
 ParOldGen       total 68608K, used 12348K [0x0000000080000000, 0x0000000084300000, 0x00000000d5580000)
  object space 68608K, 17% used [0x0000000080000000,0x0000000080c0f2a8,0x0000000084300000)
 Metaspace       used 23102K, committed 23808K, reserved 1114112K
  class space    used 2245K, committed 2560K, reserved 1048576K
}
Event: 44.340 GC heap after
{Heap after GC invocations=8 (full 1):
 PSYoungGen      total 27648K, used 2599K [0x00000000d5580000, 0x00000000d7500000, 0x0000000100000000)
  eden space 24576K, 0% used [0x00000000d5580000,0x00000000d5580000,0x00000000d6d80000)
  from space 3072K, 84% used [0x00000000d6f00000,0x00000000d7189fb8,0x00000000d7200000)
  to   space 3072K, 0% used [0x00000000d7200000,0x00000000d7200000,0x00000000d7500000)
 ParOldGen       total 68608K, used 12356K [0x0000000080000000, 0x0000000084300000, 0x00000000d5580000)
  object space 68608K, 18% used [0x0000000080000000,0x0000000080c112a8,0x0000000084300000)
 Metaspace       used 23102K, committed 23808K, reserved 1114112K
  class space    used 2245K, committed 2560K, reserved 1048576K
}
Event: 45.191 GC heap before
{Heap before GC invocations=9 (full 1):
 PSYoungGen      total 27648K, used 27175K [0x00000000d5580000, 0x00000000d7500000, 0x0000000100000000)
  eden space 24576K, 100% used [0x00000000d5580000,0x00000000d6d80000,0x00000000d6d80000)
  from space 3072K, 84% used [0x00000000d6f00000,0x00000000d7189fb8,0x00000000d7200000)
  to   space 3072K, 0% used [0x00000000d7200000,0x00000000d7200000,0x00000000d7500000)
 ParOldGen       total 68608K, used 12356K [0x0000000080000000, 0x0000000084300000, 0x00000000d5580000)
  object space 68608K, 18% used [0x0000000080000000,0x0000000080c112a8,0x0000000084300000)
 Metaspace       used 26397K, committed 27264K, reserved 1114112K
  class space    used 2599K, committed 2944K, reserved 1048576K
}
Event: 45.197 GC heap after
{Heap after GC invocations=9 (full 1):
 PSYoungGen      total 27136K, used 2798K [0x00000000d5580000, 0x00000000d7500000, 0x0000000100000000)
  eden space 24064K, 0% used [0x00000000d5580000,0x00000000d5580000,0x00000000d6d00000)
  from space 3072K, 91% used [0x00000000d7200000,0x00000000d74bb960,0x00000000d7500000)
  to   space 3072K, 0% used [0x00000000d6f00000,0x00000000d6f00000,0x00000000d7200000)
 ParOldGen       total 68608K, used 13927K [0x0000000080000000, 0x0000000084300000, 0x00000000d5580000)
  object space 68608K, 20% used [0x0000000080000000,0x0000000080d99cc8,0x0000000084300000)
 Metaspace       used 26397K, committed 27264K, reserved 1114112K
  class space    used 2599K, committed 2944K, reserved 1048576K
}
Event: 45.683 GC heap before
{Heap before GC invocations=10 (full 1):
 PSYoungGen      total 27136K, used 26862K [0x00000000d5580000, 0x00000000d7500000, 0x0000000100000000)
  eden space 24064K, 100% used [0x00000000d5580000,0x00000000d6d00000,0x00000000d6d00000)
  from space 3072K, 91% used [0x00000000d7200000,0x00000000d74bb960,0x00000000d7500000)
  to   space 3072K, 0% used [0x00000000d6f00000,0x00000000d6f00000,0x00000000d7200000)
 ParOldGen       total 68608K, used 13927K [0x0000000080000000, 0x0000000084300000, 0x00000000d5580000)
  object space 68608K, 20% used [0x0000000080000000,0x0000000080d99cc8,0x0000000084300000)
 Metaspace       used 28692K, committed 29568K, reserved 1114112K
  class space    used 2870K, committed 3264K, reserved 1048576K
}
Event: 45.687 GC heap after
{Heap after GC invocations=10 (full 1):
 PSYoungGen      total 26624K, used 3062K [0x00000000d5580000, 0x00000000d7380000, 0x0000000100000000)
  eden space 23552K, 0% used [0x00000000d5580000,0x00000000d5580000,0x00000000d6c80000)
  from space 3072K, 99% used [0x00000000d6f00000,0x00000000d71fd820,0x00000000d7200000)
  to   space 1536K, 0% used [0x00000000d7200000,0x00000000d7200000,0x00000000d7380000)
 ParOldGen       total 68608K, used 14111K [0x0000000080000000, 0x0000000084300000, 0x00000000d5580000)
  object space 68608K, 20% used [0x0000000080000000,0x0000000080dc7ce8,0x0000000084300000)
 Metaspace       used 28692K, committed 29568K, reserved 1114112K
  class space    used 2870K, committed 3264K, reserved 1048576K
}
Event: 46.509 GC heap before
{Heap before GC invocations=11 (full 1):
 PSYoungGen      total 26624K, used 26613K [0x00000000d5580000, 0x00000000d7380000, 0x0000000100000000)
  eden space 23552K, 99% used [0x00000000d5580000,0x00000000d6c7fd28,0x00000000d6c80000)
  from space 3072K, 99% used [0x00000000d6f00000,0x00000000d71fd820,0x00000000d7200000)
  to   space 1536K, 0% used [0x00000000d7200000,0x00000000d7200000,0x00000000d7380000)
 ParOldGen       total 68608K, used 14111K [0x0000000080000000, 0x0000000084300000, 0x00000000d5580000)
  object space 68608K, 20% used [0x0000000080000000,0x0000000080dc7ce8,0x0000000084300000)
 Metaspace       used 30948K, committed 31808K, reserved 1114112K
  class space    used 3105K, committed 3456K, reserved 1048576K
}
Event: 46.515 GC heap after
{Heap after GC invocations=11 (full 1):
 PSYoungGen      total 24576K, used 1518K [0x00000000d5580000, 0x00000000d7500000, 0x0000000100000000)
  eden space 23040K, 0% used [0x00000000d5580000,0x00000000d5580000,0x00000000d6c00000)
  from space 1536K, 98% used [0x00000000d7200000,0x00000000d737b848,0x00000000d7380000)
  to   space 4608K, 0% used [0x00000000d6c00000,0x00000000d6c00000,0x00000000d7080000)
 ParOldGen       total 68608K, used 16936K [0x0000000080000000, 0x0000000084300000, 0x00000000d5580000)
  object space 68608K, 24% used [0x0000000080000000,0x000000008108a150,0x0000000084300000)
 Metaspace       used 30948K, committed 31808K, reserved 1114112K
  class space    used 3105K, committed 3456K, reserved 1048576K
}
Event: 47.010 GC heap before
{Heap before GC invocations=12 (full 1):
 PSYoungGen      total 24576K, used 24558K [0x00000000d5580000, 0x00000000d7500000, 0x0000000100000000)
  eden space 23040K, 100% used [0x00000000d5580000,0x00000000d6c00000,0x00000000d6c00000)
  from space 1536K, 98% used [0x00000000d7200000,0x00000000d737b848,0x00000000d7380000)
  to   space 4608K, 0% used [0x00000000d6c00000,0x00000000d6c00000,0x00000000d7080000)
 ParOldGen       total 68608K, used 16936K [0x0000000080000000, 0x0000000084300000, 0x00000000d5580000)
  object space 68608K, 24% used [0x0000000080000000,0x000000008108a150,0x0000000084300000)
 Metaspace       used 31797K, committed 32768K, reserved 1114112K
  class space    used 3184K, committed 3584K, reserved 1048576K
}
Event: 47.014 GC heap after
{Heap after GC invocations=12 (full 1):
 PSYoungGen      total 25088K, used 2432K [0x00000000d5580000, 0x00000000d7280000, 0x0000000100000000)
  eden space 22528K, 0% used [0x00000000d5580000,0x00000000d5580000,0x00000000d6b80000)
  from space 2560K, 95% used [0x00000000d6c00000,0x00000000d6e60010,0x00000000d6e80000)
  to   space 3584K, 0% used [0x00000000d6f00000,0x00000000d6f00000,0x00000000d7280000)
 ParOldGen       total 68608K, used 18428K [0x0000000080000000, 0x0000000084300000, 0x00000000d5580000)
  object space 68608K, 26% used [0x0000000080000000,0x00000000811ff150,0x0000000084300000)
 Metaspace       used 31797K, committed 32768K, reserved 1114112K
  class space    used 3184K, committed 3584K, reserved 1048576K
}
Event: 47.271 GC heap before
{Heap before GC invocations=13 (full 1):
 PSYoungGen      total 25088K, used 24960K [0x00000000d5580000, 0x00000000d7280000, 0x0000000100000000)
  eden space 22528K, 100% used [0x00000000d5580000,0x00000000d6b80000,0x00000000d6b80000)
  from space 2560K, 95% used [0x00000000d6c00000,0x00000000d6e60010,0x00000000d6e80000)
  to   space 3584K, 0% used [0x00000000d6f00000,0x00000000d6f00000,0x00000000d7280000)
 ParOldGen       total 68608K, used 18428K [0x0000000080000000, 0x0000000084300000, 0x00000000d5580000)
  object space 68608K, 26% used [0x0000000080000000,0x00000000811ff150,0x0000000084300000)
 Metaspace       used 32170K, committed 33088K, reserved 1114112K
  class space    used 3241K, committed 3648K, reserved 1048576K
}
Event: 47.277 GC heap after
{Heap after GC invocations=13 (full 1):
 PSYoungGen      total 25088K, used 2705K [0x00000000d5580000, 0x00000000d7200000, 0x0000000100000000)
  eden space 22016K, 0% used [0x00000000d5580000,0x00000000d5580000,0x00000000d6b00000)
  from space 3072K, 88% used [0x00000000d6f00000,0x00000000d71a4420,0x00000000d7200000)
  to   space 3072K, 0% used [0x00000000d6c00000,0x00000000d6c00000,0x00000000d6f00000)
 ParOldGen       total 68608K, used 20665K [0x0000000080000000, 0x0000000084300000, 0x00000000d5580000)
  object space 68608K, 30% used [0x0000000080000000,0x000000008142e4b8,0x0000000084300000)
 Metaspace       used 32170K, committed 33088K, reserved 1114112K
  class space    used 3241K, committed 3648K, reserved 1048576K
}
Event: 47.522 GC heap before
{Heap before GC invocations=14 (full 1):
 PSYoungGen      total 25088K, used 24721K [0x00000000d5580000, 0x00000000d7200000, 0x0000000100000000)
  eden space 22016K, 100% used [0x00000000d5580000,0x00000000d6b00000,0x00000000d6b00000)
  from space 3072K, 88% used [0x00000000d6f00000,0x00000000d71a4420,0x00000000d7200000)
  to   space 3072K, 0% used [0x00000000d6c00000,0x00000000d6c00000,0x00000000d6f00000)
 ParOldGen       total 68608K, used 20665K [0x0000000080000000, 0x0000000084300000, 0x00000000d5580000)
  object space 68608K, 30% used [0x0000000080000000,0x000000008142e4b8,0x0000000084300000)
 Metaspace       used 32191K, committed 33088K, reserved 1114112K
  class space    used 3241K, committed 3648K, reserved 1048576K
}
Event: 47.532 GC heap after
{Heap after GC invocations=14 (full 1):
 PSYoungGen      total 24576K, used 2498K [0x00000000d5580000, 0x00000000d7100000, 0x0000000100000000)
  eden space 22016K, 0% used [0x00000000d5580000,0x00000000d5580000,0x00000000d6b00000)
  from space 2560K, 97% used [0x00000000d6c00000,0x00000000d6e70800,0x00000000d6e80000)
  to   space 2560K, 0% used [0x00000000d6e80000,0x00000000d6e80000,0x00000000d7100000)
 ParOldGen       total 68608K, used 23188K [0x0000000080000000, 0x0000000084300000, 0x00000000d5580000)
  object space 68608K, 33% used [0x0000000080000000,0x00000000816a51a8,0x0000000084300000)
 Metaspace       used 32191K, committed 33088K, reserved 1114112K
  class space    used 3241K, committed 3648K, reserved 1048576K
}
Event: 47.814 GC heap before
{Heap before GC invocations=15 (full 1):
 PSYoungGen      total 24576K, used 24514K [0x00000000d5580000, 0x00000000d7100000, 0x0000000100000000)
  eden space 22016K, 100% used [0x00000000d5580000,0x00000000d6b00000,0x00000000d6b00000)
  from space 2560K, 97% used [0x00000000d6c00000,0x00000000d6e70800,0x00000000d6e80000)
  to   space 2560K, 0% used [0x00000000d6e80000,0x00000000d6e80000,0x00000000d7100000)
 ParOldGen       total 68608K, used 23188K [0x0000000080000000, 0x0000000084300000, 0x00000000d5580000)
  object space 68608K, 33% used [0x0000000080000000,0x00000000816a51a8,0x0000000084300000)
 Metaspace       used 32199K, committed 33088K, reserved 1114112K
  class space    used 3241K, committed 3648K, reserved 1048576K
}
Event: 47.823 GC heap after
{Heap after GC invocations=15 (full 1):
 PSYoungGen      total 22528K, used 2532K [0x00000000d5580000, 0x00000000d7600000, 0x0000000100000000)
  eden space 19968K, 0% used [0x00000000d5580000,0x00000000d5580000,0x00000000d6900000)
  from space 2560K, 98% used [0x00000000d6e80000,0x00000000d70f9000,0x00000000d7100000)
  to   space 5632K, 0% used [0x00000000d6900000,0x00000000d6900000,0x00000000d6e80000)
 ParOldGen       total 68608K, used 25402K [0x0000000080000000, 0x0000000084300000, 0x00000000d5580000)
  object space 68608K, 37% used [0x0000000080000000,0x00000000818ceb58,0x0000000084300000)
 Metaspace       used 32199K, committed 33088K, reserved 1114112K
  class space    used 3241K, committed 3648K, reserved 1048576K
}
Event: 48.134 GC heap before
{Heap before GC invocations=16 (full 1):
 PSYoungGen      total 22528K, used 22500K [0x00000000d5580000, 0x00000000d7600000, 0x0000000100000000)
  eden space 19968K, 100% used [0x00000000d5580000,0x00000000d6900000,0x00000000d6900000)
  from space 2560K, 98% used [0x00000000d6e80000,0x00000000d70f9000,0x00000000d7100000)
  to   space 5632K, 0% used [0x00000000d6900000,0x00000000d6900000,0x00000000d6e80000)
 ParOldGen       total 68608K, used 25402K [0x0000000080000000, 0x0000000084300000, 0x00000000d5580000)
  object space 68608K, 37% used [0x0000000080000000,0x00000000818ceb58,0x0000000084300000)
 Metaspace       used 32231K, committed 33152K, reserved 1114112K
  class space    used 3242K, committed 3648K, reserved 1048576K
}
Event: 48.140 GC heap after
{Heap after GC invocations=16 (full 1):
 PSYoungGen      total 22528K, used 2272K [0x00000000d5580000, 0x00000000d7000000, 0x0000000100000000)
  eden space 19968K, 0% used [0x00000000d5580000,0x00000000d5580000,0x00000000d6900000)
  from space 2560K, 88% used [0x00000000d6900000,0x00000000d6b38010,0x00000000d6b80000)
  to   space 3584K, 0% used [0x00000000d6c80000,0x00000000d6c80000,0x00000000d7000000)
 ParOldGen       total 68608K, used 27824K [0x0000000080000000, 0x0000000084300000, 0x00000000d5580000)
  object space 68608K, 40% used [0x0000000080000000,0x0000000081b2c180,0x0000000084300000)
 Metaspace       used 32231K, committed 33152K, reserved 1114112K
  class space    used 3242K, committed 3648K, reserved 1048576K
}
Event: 48.974 GC heap before
{Heap before GC invocations=17 (full 1):
 PSYoungGen      total 22528K, used 22240K [0x00000000d5580000, 0x00000000d7000000, 0x0000000100000000)
  eden space 19968K, 100% used [0x00000000d5580000,0x00000000d6900000,0x00000000d6900000)
  from space 2560K, 88% used [0x00000000d6900000,0x00000000d6b38010,0x00000000d6b80000)
  to   space 3584K, 0% used [0x00000000d6c80000,0x00000000d6c80000,0x00000000d7000000)
 ParOldGen       total 68608K, used 27824K [0x0000000080000000, 0x0000000084300000, 0x00000000d5580000)
  object space 68608K, 40% used [0x0000000080000000,0x0000000081b2c180,0x0000000084300000)
 Metaspace       used 33055K, committed 34048K, reserved 1114112K
  class space    used 3349K, committed 3776K, reserved 1048576K
}
Event: 48.978 GC heap after
{Heap after GC invocations=17 (full 1):
 PSYoungGen      total 22016K, used 1568K [0x00000000d5580000, 0x00000000d6e80000, 0x0000000100000000)
  eden space 19968K, 0% used [0x00000000d5580000,0x00000000d5580000,0x00000000d6900000)
  from space 2048K, 76% used [0x00000000d6c80000,0x00000000d6e08000,0x00000000d6e80000)
  to   space 2048K, 0% used [0x00000000d6a80000,0x00000000d6a80000,0x00000000d6c80000)
 ParOldGen       total 68608K, used 29960K [0x0000000080000000, 0x0000000084300000, 0x00000000d5580000)
  object space 68608K, 43% used [0x0000000080000000,0x0000000081d42190,0x0000000084300000)
 Metaspace       used 33055K, committed 34048K, reserved 1114112K
  class space    used 3349K, committed 3776K, reserved 1048576K
}

