# JRE version: OpenJDK Runtime Environment Temurin-21.0.9+10 (21.0.9+10) (build 21.0.9+10-LTS)
# Java VM: OpenJDK 64-Bit Server VM Temurin-21.0.9+10 (21.0.9+10-LTS, mixed mode, sharing, tiered, compressed oops, compressed class ptrs, parallel gc, windows-amd64)
GC Precious Log:
 CardTable entry size: 512
 CPUs: 8 total, 8 available
 Memory: 3889M
 Large Page Support: Disabled
 NUMA Support: Disabled
 Compressed Oops: Enabled (32-bit)
 Alignments: Space 512K, Generation 512K, Heap 2M
 Heap Min Capacity: 100M
 Heap Initial Capacity: 100M
 Heap Max Capacity: 2G
 Pre-touch: Disabled
 Parallel Workers: 8
Heap:
 PSYoungGen      total 22016K, used 21388K [0x00000000d5580000, 0x00000000d6c00000, 0x0000000100000000)
  eden space 20992K, 98% used [0x00000000d5580000,0x00000000d69c3090,0x00000000d6a00000)
  from space 1024K, 62% used [0x00000000d6b00000,0x00000000d6ba0000,0x00000000d6c00000)
  to   space 1024K, 0% used [0x00000000d6a00000,0x00000000d6a00000,0x00000000d6b00000)
 ParOldGen       total 68608K, used 31851K [0x0000000080000000, 0x0000000084300000, 0x00000000d5580000)
  object space 68608K, 46% used [0x0000000080000000,0x0000000081f1ad30,0x0000000084300000)
 Metaspace       used 39596K, committed 40640K, reserved 1114112K
  class space    used 3965K, committed 4416K, reserved 1048576K
GC Heap History (20 events):
Event: 12.338 GC heap before
{Heap before GC invocations=15 (full 1):
 PSYoungGen      total 23552K, used 23522K [0x00000000d5580000, 0x00000000d7100000, 0x0000000100000000)
  eden space 20992K, 100% used [0x00000000d5580000,0x00000000d6a00000,0x00000000d6a00000)
  from space 2560K, 98% used [0x00000000d6a00000,0x00000000d6c78810,0x00000000d6c80000)
  to   space 3584K, 0% used [0x00000000d6d80000,0x00000000d6d80000,0x00000000d7100000)
 ParOldGen       total 68608K, used 22540K [0x0000000080000000, 0x0000000084300000, 0x00000000d5580000)
  object space 68608K, 32% used [0x0000000080000000,0x0000000081603208,0x0000000084300000)
 Metaspace       used 32189K, committed 33088K, reserved 1114112K
  class space    used 3241K, committed 3648K, reserved 1048576K
}
Event: 12.344 GC heap after
{Heap after GC invocations=15 (full 1):
 PSYoungGen      total 23552K, used 2340K [0x00000000d5580000, 0x00000000d7000000, 0x0000000100000000)
  eden space 20992K, 0% used [0x00000000d5580000,0x00000000d5580000,0x00000000d6a00000)
  from space 2560K, 91% used [0x00000000d6d80000,0x00000000d6fc9000,0x00000000d7000000)
  to   space 2560K, 0% used [0x00000000d6a00000,0x00000000d6a00000,0x00000000d6c80000)
 ParOldGen       total 68608K, used 24882K [0x0000000080000000, 0x0000000084300000, 0x00000000d5580000)
  object space 68608K, 36% used [0x0000000080000000,0x000000008184cbc8,0x0000000084300000)
 Metaspace       used 32189K, committed 33088K, reserved 1114112K
  class space    used 3241K, committed 3648K, reserved 1048576K
}
Event: 12.581 GC heap before
{Heap before GC invocations=16 (full 1):
 PSYoungGen      total 23552K, used 23332K [0x00000000d5580000, 0x00000000d7000000, 0x0000000100000000)
  eden space 20992K, 100% used [0x00000000d5580000,0x00000000d6a00000,0x00000000d6a00000)
  from space 2560K, 91% used [0x00000000d6d80000,0x00000000d6fc9000,0x00000000d7000000)
  to   space 2560K, 0% used [0x00000000d6a00000,0x00000000d6a00000,0x00000000d6c80000)
 ParOldGen       total 68608K, used 24882K [0x0000000080000000, 0x0000000084300000, 0x00000000d5580000)
  object space 68608K, 36% used [0x0000000080000000,0x000000008184cbc8,0x0000000084300000)
 Metaspace       used 32218K, committed 33152K, reserved 1114112K
  class space    used 3242K, committed 3712K, reserved 1048576K
}
Event: 12.589 GC heap after
{Heap after GC invocations=16 (full 1):
 PSYoungGen      total 23552K, used 2368K [0x00000000d5580000, 0x00000000d6f00000, 0x0000000100000000)
  eden space 20992K, 0% used [0x00000000d5580000,0x00000000d5580000,0x00000000d6a00000)
  from space 2560K, 92% used [0x00000000d6a00000,0x00000000d6c50010,0x00000000d6c80000)
  to   space 2560K, 0% used [0x00000000d6c80000,0x00000000d6c80000,0x00000000d6f00000)
 ParOldGen       total 68608K, used 27064K [0x0000000080000000, 0x0000000084300000, 0x00000000d5580000)
  object space 68608K, 39% used [0x0000000080000000,0x0000000081a6e1f0,0x0000000084300000)
 Metaspace       used 32218K, committed 33152K, reserved 1114112K
  class space    used 3242K, committed 3712K, reserved 1048576K
}
Event: 12.901 GC heap before
{Heap before GC invocations=17 (full 1):
 PSYoungGen      total 23552K, used 23360K [0x00000000d5580000, 0x00000000d6f00000, 0x0000000100000000)
  eden space 20992K, 100% used [0x00000000d5580000,0x00000000d6a00000,0x00000000d6a00000)
  from space 2560K, 92% used [0x00000000d6a00000,0x00000000d6c50010,0x00000000d6c80000)
  to   space 2560K, 0% used [0x00000000d6c80000,0x00000000d6c80000,0x00000000d6f00000)
 ParOldGen       total 68608K, used 27064K [0x0000000080000000, 0x0000000084300000, 0x00000000d5580000)
  object space 68608K, 39% used [0x0000000080000000,0x0000000081a6e1f0,0x0000000084300000)
 Metaspace       used 32454K, committed 33408K, reserved 1114112K
  class space    used 3275K, committed 3712K, reserved 1048576K
}
Event: 12.909 GC heap after
{Heap after GC invocations=17 (full 1):
 PSYoungGen      total 23552K, used 1912K [0x00000000d5580000, 0x00000000d6f00000, 0x0000000100000000)
  eden space 20992K, 0% used [0x00000000d5580000,0x00000000d5580000,0x00000000d6a00000)
  from space 2560K, 74% used [0x00000000d6c80000,0x00000000d6e5e200,0x00000000d6f00000)
  to   space 2560K, 0% used [0x00000000d6a00000,0x00000000d6a00000,0x00000000d6c80000)
 ParOldGen       total 68608K, used 29320K [0x0000000080000000, 0x0000000084300000, 0x00000000d5580000)
  object space 68608K, 42% used [0x0000000080000000,0x0000000081ca2200,0x0000000084300000)
 Metaspace       used 32454K, committed 33408K, reserved 1114112K
  class space    used 3275K, committed 3712K, reserved 1048576K
}
Event: 13.971 GC heap before
{Heap before GC invocations=18 (full 1):
 PSYoungGen      total 23552K, used 22904K [0x00000000d5580000, 0x00000000d6f00000, 0x0000000100000000)
  eden space 20992K, 100% used [0x00000000d5580000,0x00000000d6a00000,0x00000000d6a00000)
  from space 2560K, 74% used [0x00000000d6c80000,0x00000000d6e5e200,0x00000000d6f00000)
  to   space 2560K, 0% used [0x00000000d6a00000,0x00000000d6a00000,0x00000000d6c80000)
 ParOldGen       total 68608K, used 29320K [0x0000000080000000, 0x0000000084300000, 0x00000000d5580000)
  object space 68608K, 42% used [0x0000000080000000,0x0000000081ca2200,0x0000000084300000)
 Metaspace       used 34374K, committed 35392K, reserved 1114112K
  class space    used 3537K, committed 3968K, reserved 1048576K
}
Event: 13.979 GC heap after
{Heap after GC invocations=18 (full 1):
 PSYoungGen      total 22016K, used 776K [0x00000000d5580000, 0x00000000d6d00000, 0x0000000100000000)
  eden space 20992K, 0% used [0x00000000d5580000,0x00000000d5580000,0x00000000d6a00000)
  from space 1024K, 75% used [0x00000000d6a00000,0x00000000d6ac2220,0x00000000d6b00000)
  to   space 1536K, 0% used [0x00000000d6b80000,0x00000000d6b80000,0x00000000d6d00000)
 ParOldGen       total 68608K, used 31093K [0x0000000080000000, 0x0000000084300000, 0x00000000d5580000)
  object space 68608K, 45% used [0x0000000080000000,0x0000000081e5d690,0x0000000084300000)
 Metaspace       used 34374K, committed 35392K, reserved 1114112K
  class space    used 3537K, committed 3968K, reserved 1048576K
}
Event: 14.392 GC heap before
{Heap before GC invocations=19 (full 1):
 PSYoungGen      total 22016K, used 8820K [0x00000000d5580000, 0x00000000d6d00000, 0x0000000100000000)
  eden space 20992K, 38% used [0x00000000d5580000,0x00000000d5d5af68,0x00000000d6a00000)
  from space 1024K, 75% used [0x00000000d6a00000,0x00000000d6ac2220,0x00000000d6b00000)
  to   space 1536K, 0% used [0x00000000d6b80000,0x00000000d6b80000,0x00000000d6d00000)
 ParOldGen       total 68608K, used 31093K [0x0000000080000000, 0x0000000084300000, 0x00000000d5580000)
  object space 68608K, 45% used [0x0000000080000000,0x0000000081e5d690,0x0000000084300000)
 Metaspace       used 34908K, committed 35840K, reserved 1114112K
  class space    used 3581K, committed 4032K, reserved 1048576K
}
Event: 14.394 GC heap after
{Heap after GC invocations=19 (full 1):
 PSYoungGen      total 21504K, used 320K [0x00000000d5580000, 0x00000000d6c00000, 0x0000000100000000)
  eden space 20992K, 0% used [0x00000000d5580000,0x00000000d5580000,0x00000000d6a00000)
  from space 512K, 62% used [0x00000000d6b80000,0x00000000d6bd0000,0x00000000d6c00000)
  to   space 1024K, 0% used [0x00000000d6a00000,0x00000000d6a00000,0x00000000d6b00000)
 ParOldGen       total 68608K, used 31808K [0x0000000080000000, 0x0000000084300000, 0x00000000d5580000)
  object space 68608K, 46% used [0x0000000080000000,0x0000000081f10298,0x0000000084300000)
 Metaspace       used 34908K, committed 35840K, reserved 1114112K
  class space    used 3581K, committed 4032K, reserved 1048576K
}
Event: 14.394 GC heap before
{Heap before GC invocations=20 (full 2):
 PSYoungGen      total 21504K, used 320K [0x00000000d5580000, 0x00000000d6c00000, 0x0000000100000000)
  eden space 20992K, 0% used [0x00000000d5580000,0x00000000d5580000,0x00000000d6a00000)
  from space 512K, 62% used [0x00000000d6b80000,0x00000000d6bd0000,0x00000000d6c00000)
  to   space 1024K, 0% used [0x00000000d6a00000,0x00000000d6a00000,0x00000000d6b00000)
 ParOldGen       total 68608K, used 31808K [0x0000000080000000, 0x0000000084300000, 0x00000000d5580000)
  object space 68608K, 46% used [0x0000000080000000,0x0000000081f10298,0x0000000084300000)
 Metaspace       used 34908K, committed 35840K, reserved 1114112K
  class space    used 3581K, committed 4032K, reserved 1048576K
}
Event: 14.487 GC heap after
{Heap after GC invocations=20 (full 2):
 PSYoungGen      total 21504K, used 0K [0x00000000d5580000, 0x00000000d6c00000, 0x0000000100000000)
  eden space 20992K, 0% used [0x00000000d5580000,0x00000000d5580000,0x00000000d6a00000)
  from space 512K, 0% used [0x00000000d6b80000,0x00000000d6b80000,0x00000000d6c00000)
  to   space 1024K, 0% used [0x00000000d6a00000,0x00000000d6a00000,0x00000000d6b00000)
 ParOldGen       total 68608K, used 30797K [0x0000000080000000, 0x0000000084300000, 0x00000000d5580000)
  object space 68608K, 44% used [0x0000000080000000,0x0000000081e13640,0x0000000084300000)
 Metaspace       used 34908K, committed 35840K, reserved 1114112K
  class space    used 3581K, committed 4032K, reserved 1048576K
}
Event: 15.265 GC heap before
{Heap before GC invocations=21 (full 2):
 PSYoungGen      total 21504K, used 20992K [0x00000000d5580000, 0x00000000d6c00000, 0x0000000100000000)
  eden space 20992K, 100% used [0x00000000d5580000,0x00000000d6a00000,0x00000000d6a00000)
  from space 512K, 0% used [0x00000000d6b80000,0x00000000d6b80000,0x00000000d6c00000)
  to   space 1024K, 0% used [0x00000000d6a00000,0x00000000d6a00000,0x00000000d6b00000)
 ParOldGen       total 68608K, used 30797K [0x0000000080000000, 0x0000000084300000, 0x00000000d5580000)
  object space 68608K, 44% used [0x0000000080000000,0x0000000081e13640,0x0000000084300000)
 Metaspace       used 35979K, committed 36928K, reserved 1114112K
  class space    used 3679K, committed 4096K, reserved 1048576K
}
Event: 15.268 GC heap after
{Heap after GC invocations=21 (full 2):
 PSYoungGen      total 22016K, used 1011K [0x00000000d5580000, 0x00000000d6d00000, 0x0000000100000000)
  eden space 20992K, 0% used [0x00000000d5580000,0x00000000d5580000,0x00000000d6a00000)
  from space 1024K, 98% used [0x00000000d6a00000,0x00000000d6afcfa0,0x00000000d6b00000)
  to   space 1536K, 0% used [0x00000000d6b80000,0x00000000d6b80000,0x00000000d6d00000)
 ParOldGen       total 68608K, used 30877K [0x0000000080000000, 0x0000000084300000, 0x00000000d5580000)
  object space 68608K, 45% used [0x0000000080000000,0x0000000081e27640,0x0000000084300000)
 Metaspace       used 35979K, committed 36928K, reserved 1114112K
  class space    used 3679K, committed 4096K, reserved 1048576K
}
Event: 15.731 GC heap before
{Heap before GC invocations=22 (full 2):
 PSYoungGen      total 22016K, used 22003K [0x00000000d5580000, 0x00000000d6d00000, 0x0000000100000000)
  eden space 20992K, 100% used [0x00000000d5580000,0x00000000d6a00000,0x00000000d6a00000)
  from space 1024K, 98% used [0x00000000d6a00000,0x00000000d6afcfa0,0x00000000d6b00000)
  to   space 1536K, 0% used [0x00000000d6b80000,0x00000000d6b80000,0x00000000d6d00000)
 ParOldGen       total 68608K, used 30877K [0x0000000080000000, 0x0000000084300000, 0x00000000d5580000)
  object space 68608K, 45% used [0x0000000080000000,0x0000000081e27640,0x0000000084300000)
 Metaspace       used 35996K, committed 36992K, reserved 1114112K
  class space    used 3679K, committed 4096K, reserved 1048576K
}
Event: 15.733 GC heap after
{Heap after GC invocations=22 (full 2):
 PSYoungGen      total 22528K, used 1124K [0x00000000d5580000, 0x00000000d6d00000, 0x0000000100000000)
  eden space 20992K, 0% used [0x00000000d5580000,0x00000000d5580000,0x00000000d6a00000)
  from space 1536K, 73% used [0x00000000d6b80000,0x00000000d6c991b8,0x00000000d6d00000)
  to   space 1536K, 0% used [0x00000000d6a00000,0x00000000d6a00000,0x00000000d6b80000)
 ParOldGen       total 68608K, used 31499K [0x0000000080000000, 0x0000000084300000, 0x00000000d5580000)
  object space 68608K, 45% used [0x0000000080000000,0x0000000081ec2d30,0x0000000084300000)
 Metaspace       used 35996K, committed 36992K, reserved 1114112K
  class space    used 3679K, committed 4096K, reserved 1048576K
}
Event: 17.921 GC heap before
{Heap before GC invocations=23 (full 2):
 PSYoungGen      total 22528K, used 22116K [0x00000000d5580000, 0x00000000d6d00000, 0x0000000100000000)
  eden space 20992K, 100% used [0x00000000d5580000,0x00000000d6a00000,0x00000000d6a00000)
  from space 1536K, 73% used [0x00000000d6b80000,0x00000000d6c991b8,0x00000000d6d00000)
  to   space 1536K, 0% used [0x00000000d6a00000,0x00000000d6a00000,0x00000000d6b80000)
 ParOldGen       total 68608K, used 31499K [0x0000000080000000, 0x0000000084300000, 0x00000000d5580000)
  object space 68608K, 45% used [0x0000000080000000,0x0000000081ec2d30,0x0000000084300000)
 Metaspace       used 38487K, committed 39488K, reserved 1114112K
  class space    used 3890K, committed 4352K, reserved 1048576K
}
Event: 17.923 GC heap after
{Heap after GC invocations=23 (full 2):
 PSYoungGen      total 22016K, used 576K [0x00000000d5580000, 0x00000000d6c00000, 0x0000000100000000)
  eden space 20992K, 0% used [0x00000000d5580000,0x00000000d5580000,0x00000000d6a00000)
  from space 1024K, 56% used [0x00000000d6a00000,0x00000000d6a90000,0x00000000d6b00000)
  to   space 1024K, 0% used [0x00000000d6b00000,0x00000000d6b00000,0x00000000d6c00000)
 ParOldGen       total 68608K, used 31523K [0x0000000080000000, 0x0000000084300000, 0x00000000d5580000)
  object space 68608K, 45% used [0x0000000080000000,0x0000000081ec8d30,0x0000000084300000)
 Metaspace       used 38487K, committed 39488K, reserved 1114112K
  class space    used 3890K, committed 4352K, reserved 1048576K
}
Event: 20.058 GC heap before
{Heap before GC invocations=24 (full 2):
 PSYoungGen      total 22016K, used 21568K [0x00000000d5580000, 0x00000000d6c00000, 0x0000000100000000)
  eden space 20992K, 100% used [0x00000000d5580000,0x00000000d6a00000,0x00000000d6a00000)
  from space 1024K, 56% used [0x00000000d6a00000,0x00000000d6a90000,0x00000000d6b00000)
  to   space 1024K, 0% used [0x00000000d6b00000,0x00000000d6b00000,0x00000000d6c00000)
 ParOldGen       total 68608K, used 31523K [0x0000000080000000, 0x0000000084300000, 0x00000000d5580000)
  object space 68608K, 45% used [0x0000000080000000,0x0000000081ec8d30,0x0000000084300000)
 Metaspace       used 39193K, committed 40192K, reserved 1114112K
  class space    used 3949K, committed 4416K, reserved 1048576K
}
Event: 20.062 GC heap after
{Heap after GC invocations=24 (full 2):
 PSYoungGen      total 22016K, used 640K [0x00000000d5580000, 0x00000000d6c00000, 0x0000000100000000)
  eden space 20992K, 0% used [0x00000000d5580000,0x00000000d5580000,0x00000000d6a00000)
  from space 1024K, 62% used [0x00000000d6b00000,0x00000000d6ba0000,0x00000000d6c00000)
  to   space 1024K, 0% used [0x00000000d6a00000,0x00000000d6a00000,0x00000000d6b00000)
 ParOldGen       total 68608K, used 31851K [0x0000000080000000, 0x0000000084300000, 0x00000000d5580000)
  object space 68608K, 46% used [0x0000000080000000,0x0000000081f1ad30,0x0000000084300000)
 Metaspace       used 39193K, committed 40192K, reserved 1114112K
  class space    used 3949K, committed 4416K, reserved 1048576K
}

