# JRE version: OpenJDK Runtime Environment Temurin-21.0.9+10 (21.0.9+10) (build 21.0.9+10-LTS)
# Java VM: OpenJDK 64-Bit Server VM Temurin-21.0.9+10 (21.0.9+10-LTS, mixed mode, sharing, tiered, compressed oops, compressed class ptrs, parallel gc, windows-amd64)
GC Precious Log:
 CardTable entry size: 512
 CPUs: 8 total, 8 available
 Memory: 3889M
 Large Page Support: Disabled
 NUMA Support: Disabled
 Compressed Oops: Enabled (32-bit)
 Alignments: Space 512K, Generation 512K, Heap 2M
 Heap Min Capacity: 100M
 Heap Initial Capacity: 100M
 Heap Max Capacity: 2G
 Pre-touch: Disabled
 Parallel Workers: 8
Heap:
 PSYoungGen      total 35328K, used 9125K [0x00000000d5580000, 0x00000000d7f80000, 0x0000000100000000)
  eden space 33792K, 22% used [0x00000000d5580000,0x00000000d5cef450,0x00000000d7680000)
  from space 1536K, 100% used [0x00000000d7680000,0x00000000d7800000,0x00000000d7800000)
  to   space 3584K, 0% used [0x00000000d7c00000,0x00000000d7c00000,0x00000000d7f80000)
 ParOldGen       total 150528K, used 121515K [0x0000000080000000, 0x0000000089300000, 0x00000000d5580000)
  object space 150528K, 80% used [0x0000000080000000,0x00000000876aaf98,0x0000000089300000)
 Metaspace       used 62060K, committed 63616K, reserved 1114112K
  class space    used 6606K, committed 7232K, reserved 1048576K
GC Heap History (20 events):
Event: 30.146 GC heap before
{Heap before GC invocations=220 (full 4):
 PSYoungGen      total 23040K, used 22816K [0x00000000d5580000, 0x00000000d6f80000, 0x0000000100000000)
  eden space 21504K, 100% used [0x00000000d5580000,0x00000000d6a80000,0x00000000d6a80000)
  from space 1536K, 85% used [0x00000000d6a80000,0x00000000d6bc8000,0x00000000d6c00000)
  to   space 1536K, 0% used [0x00000000d6e00000,0x00000000d6e00000,0x00000000d6f80000)
 ParOldGen       total 150528K, used 118173K [0x0000000080000000, 0x0000000089300000, 0x00000000d5580000)
  object space 150528K, 78% used [0x0000000080000000,0x0000000087367738,0x0000000089300000)
 Metaspace       used 60821K, committed 62336K, reserved 1114112K
  class space    used 6467K, committed 7104K, reserved 1048576K
}
Event: 30.149 GC heap after
{Heap after GC invocations=220 (full 4):
 PSYoungGen      total 25088K, used 1472K [0x00000000d5580000, 0x00000000d6f80000, 0x0000000100000000)
  eden space 23552K, 0% used [0x00000000d5580000,0x00000000d5580000,0x00000000d6c80000)
  from space 1536K, 95% used [0x00000000d6e00000,0x00000000d6f70000,0x00000000d6f80000)
  to   space 1536K, 0% used [0x00000000d6c80000,0x00000000d6c80000,0x00000000d6e00000)
 ParOldGen       total 150528K, used 118173K [0x0000000080000000, 0x0000000089300000, 0x00000000d5580000)
  object space 150528K, 78% used [0x0000000080000000,0x0000000087367738,0x0000000089300000)
 Metaspace       used 60821K, committed 62336K, reserved 1114112K
  class space    used 6467K, committed 7104K, reserved 1048576K
}
Event: 30.174 GC heap before
{Heap before GC invocations=221 (full 4):
 PSYoungGen      total 25088K, used 25024K [0x00000000d5580000, 0x00000000d6f80000, 0x0000000100000000)
  eden space 23552K, 100% used [0x00000000d5580000,0x00000000d6c80000,0x00000000d6c80000)
  from space 1536K, 95% used [0x00000000d6e00000,0x00000000d6f70000,0x00000000d6f80000)
  to   space 1536K, 0% used [0x00000000d6c80000,0x00000000d6c80000,0x00000000d6e00000)
 ParOldGen       total 150528K, used 118173K [0x0000000080000000, 0x0000000089300000, 0x00000000d5580000)
  object space 150528K, 78% used [0x0000000080000000,0x0000000087367738,0x0000000089300000)
 Metaspace       used 60830K, committed 62336K, reserved 1114112K
  class space    used 6467K, committed 7104K, reserved 1048576K
}
Event: 30.178 GC heap after
{Heap after GC invocations=221 (full 4):
 PSYoungGen      total 25088K, used 1536K [0x00000000d5580000, 0x00000000d7280000, 0x0000000100000000)
  eden space 23552K, 0% used [0x00000000d5580000,0x00000000d5580000,0x00000000d6c80000)
  from space 1536K, 100% used [0x00000000d6c80000,0x00000000d6e00000,0x00000000d6e00000)
  to   space 2048K, 0% used [0x00000000d7080000,0x00000000d7080000,0x00000000d7280000)
 ParOldGen       total 150528K, used 118269K [0x0000000080000000, 0x0000000089300000, 0x00000000d5580000)
  object space 150528K, 78% used [0x0000000080000000,0x000000008737f738,0x0000000089300000)
 Metaspace       used 60830K, committed 62336K, reserved 1114112K
  class space    used 6467K, committed 7104K, reserved 1048576K
}
Event: 30.199 GC heap before
{Heap before GC invocations=222 (full 4):
 PSYoungGen      total 25088K, used 25088K [0x00000000d5580000, 0x00000000d7280000, 0x0000000100000000)
  eden space 23552K, 100% used [0x00000000d5580000,0x00000000d6c80000,0x00000000d6c80000)
  from space 1536K, 100% used [0x00000000d6c80000,0x00000000d6e00000,0x00000000d6e00000)
  to   space 2048K, 0% used [0x00000000d7080000,0x00000000d7080000,0x00000000d7280000)
 ParOldGen       total 150528K, used 118269K [0x0000000080000000, 0x0000000089300000, 0x00000000d5580000)
  object space 150528K, 78% used [0x0000000080000000,0x000000008737f738,0x0000000089300000)
 Metaspace       used 60834K, committed 62336K, reserved 1114112K
  class space    used 6467K, committed 7104K, reserved 1048576K
}
Event: 30.203 GC heap after
{Heap after GC invocations=222 (full 4):
 PSYoungGen      total 27648K, used 1632K [0x00000000d5580000, 0x00000000d7280000, 0x0000000100000000)
  eden space 25600K, 0% used [0x00000000d5580000,0x00000000d5580000,0x00000000d6e80000)
  from space 2048K, 79% used [0x00000000d7080000,0x00000000d7218000,0x00000000d7280000)
  to   space 2048K, 0% used [0x00000000d6e80000,0x00000000d6e80000,0x00000000d7080000)
 ParOldGen       total 150528K, used 118689K [0x0000000080000000, 0x0000000089300000, 0x00000000d5580000)
  object space 150528K, 78% used [0x0000000080000000,0x00000000873e8748,0x0000000089300000)
 Metaspace       used 60834K, committed 62336K, reserved 1114112K
  class space    used 6467K, committed 7104K, reserved 1048576K
}
Event: 30.228 GC heap before
{Heap before GC invocations=223 (full 4):
 PSYoungGen      total 27648K, used 27232K [0x00000000d5580000, 0x00000000d7280000, 0x0000000100000000)
  eden space 25600K, 100% used [0x00000000d5580000,0x00000000d6e80000,0x00000000d6e80000)
  from space 2048K, 79% used [0x00000000d7080000,0x00000000d7218000,0x00000000d7280000)
  to   space 2048K, 0% used [0x00000000d6e80000,0x00000000d6e80000,0x00000000d7080000)
 ParOldGen       total 150528K, used 118689K [0x0000000080000000, 0x0000000089300000, 0x00000000d5580000)
  object space 150528K, 78% used [0x0000000080000000,0x00000000873e8748,0x0000000089300000)
 Metaspace       used 60844K, committed 62400K, reserved 1114112K
  class space    used 6467K, committed 7104K, reserved 1048576K
}
Event: 30.232 GC heap after
{Heap after GC invocations=223 (full 4):
 PSYoungGen      total 27648K, used 2048K [0x00000000d5580000, 0x00000000d7580000, 0x0000000100000000)
  eden space 25600K, 0% used [0x00000000d5580000,0x00000000d5580000,0x00000000d6e80000)
  from space 2048K, 100% used [0x00000000d6e80000,0x00000000d7080000,0x00000000d7080000)
  to   space 2560K, 0% used [0x00000000d7300000,0x00000000d7300000,0x00000000d7580000)
 ParOldGen       total 150528K, used 118761K [0x0000000080000000, 0x0000000089300000, 0x00000000d5580000)
  object space 150528K, 78% used [0x0000000080000000,0x00000000873fa748,0x0000000089300000)
 Metaspace       used 60844K, committed 62400K, reserved 1114112K
  class space    used 6467K, committed 7104K, reserved 1048576K
}
Event: 30.265 GC heap before
{Heap before GC invocations=224 (full 4):
 PSYoungGen      total 27648K, used 27648K [0x00000000d5580000, 0x00000000d7580000, 0x0000000100000000)
  eden space 25600K, 100% used [0x00000000d5580000,0x00000000d6e80000,0x00000000d6e80000)
  from space 2048K, 100% used [0x00000000d6e80000,0x00000000d7080000,0x00000000d7080000)
  to   space 2560K, 0% used [0x00000000d7300000,0x00000000d7300000,0x00000000d7580000)
 ParOldGen       total 150528K, used 118761K [0x0000000080000000, 0x0000000089300000, 0x00000000d5580000)
  object space 150528K, 78% used [0x0000000080000000,0x00000000873fa748,0x0000000089300000)
 Metaspace       used 60851K, committed 62400K, reserved 1114112K
  class space    used 6467K, committed 7104K, reserved 1048576K
}
Event: 30.269 GC heap after
{Heap after GC invocations=224 (full 4):
 PSYoungGen      total 29184K, used 1152K [0x00000000d5580000, 0x00000000d7480000, 0x0000000100000000)
  eden space 27648K, 0% used [0x00000000d5580000,0x00000000d5580000,0x00000000d7080000)
  from space 1536K, 75% used [0x00000000d7300000,0x00000000d7420000,0x00000000d7480000)
  to   space 1536K, 0% used [0x00000000d7180000,0x00000000d7180000,0x00000000d7300000)
 ParOldGen       total 150528K, used 119113K [0x0000000080000000, 0x0000000089300000, 0x00000000d5580000)
  object space 150528K, 79% used [0x0000000080000000,0x0000000087452748,0x0000000089300000)
 Metaspace       used 60851K, committed 62400K, reserved 1114112K
  class space    used 6467K, committed 7104K, reserved 1048576K
}
Event: 30.290 GC heap before
{Heap before GC invocations=225 (full 4):
 PSYoungGen      total 29184K, used 28800K [0x00000000d5580000, 0x00000000d7480000, 0x0000000100000000)
  eden space 27648K, 100% used [0x00000000d5580000,0x00000000d7080000,0x00000000d7080000)
  from space 1536K, 75% used [0x00000000d7300000,0x00000000d7420000,0x00000000d7480000)
  to   space 1536K, 0% used [0x00000000d7180000,0x00000000d7180000,0x00000000d7300000)
 ParOldGen       total 150528K, used 119113K [0x0000000080000000, 0x0000000089300000, 0x00000000d5580000)
  object space 150528K, 79% used [0x0000000080000000,0x0000000087452748,0x0000000089300000)
 Metaspace       used 60851K, committed 62400K, reserved 1114112K
  class space    used 6467K, committed 7104K, reserved 1048576K
}
Event: 30.293 GC heap after
{Heap after GC invocations=225 (full 4):
 PSYoungGen      total 30208K, used 1536K [0x00000000d5580000, 0x00000000d7700000, 0x0000000100000000)
  eden space 28672K, 0% used [0x00000000d5580000,0x00000000d5580000,0x00000000d7180000)
  from space 1536K, 100% used [0x00000000d7180000,0x00000000d7300000,0x00000000d7300000)
  to   space 2048K, 0% used [0x00000000d7500000,0x00000000d7500000,0x00000000d7700000)
 ParOldGen       total 150528K, used 119361K [0x0000000080000000, 0x0000000089300000, 0x00000000d5580000)
  object space 150528K, 79% used [0x0000000080000000,0x0000000087490748,0x0000000089300000)
 Metaspace       used 60851K, committed 62400K, reserved 1114112K
  class space    used 6467K, committed 7104K, reserved 1048576K
}
Event: 30.324 GC heap before
{Heap before GC invocations=226 (full 4):
 PSYoungGen      total 30208K, used 30208K [0x00000000d5580000, 0x00000000d7700000, 0x0000000100000000)
  eden space 28672K, 100% used [0x00000000d5580000,0x00000000d7180000,0x00000000d7180000)
  from space 1536K, 100% used [0x00000000d7180000,0x00000000d7300000,0x00000000d7300000)
  to   space 2048K, 0% used [0x00000000d7500000,0x00000000d7500000,0x00000000d7700000)
 ParOldGen       total 150528K, used 119361K [0x0000000080000000, 0x0000000089300000, 0x00000000d5580000)
  object space 150528K, 79% used [0x0000000080000000,0x0000000087490748,0x0000000089300000)
 Metaspace       used 60851K, committed 62400K, reserved 1114112K
  class space    used 6467K, committed 7104K, reserved 1048576K
}
Event: 30.327 GC heap after
{Heap after GC invocations=226 (full 4):
 PSYoungGen      total 32768K, used 1282K [0x00000000d5580000, 0x00000000d7700000, 0x0000000100000000)
  eden space 30720K, 0% used [0x00000000d5580000,0x00000000d5580000,0x00000000d7380000)
  from space 2048K, 62% used [0x00000000d7500000,0x00000000d7640800,0x00000000d7700000)
  to   space 1536K, 0% used [0x00000000d7380000,0x00000000d7380000,0x00000000d7500000)
 ParOldGen       total 150528K, used 119537K [0x0000000080000000, 0x0000000089300000, 0x00000000d5580000)
  object space 150528K, 79% used [0x0000000080000000,0x00000000874bc748,0x0000000089300000)
 Metaspace       used 60851K, committed 62400K, reserved 1114112K
  class space    used 6467K, committed 7104K, reserved 1048576K
}
Event: 30.351 GC heap before
{Heap before GC invocations=227 (full 4):
 PSYoungGen      total 32768K, used 32002K [0x00000000d5580000, 0x00000000d7700000, 0x0000000100000000)
  eden space 30720K, 100% used [0x00000000d5580000,0x00000000d7380000,0x00000000d7380000)
  from space 2048K, 62% used [0x00000000d7500000,0x00000000d7640800,0x00000000d7700000)
  to   space 1536K, 0% used [0x00000000d7380000,0x00000000d7380000,0x00000000d7500000)
 ParOldGen       total 150528K, used 119537K [0x0000000080000000, 0x0000000089300000, 0x00000000d5580000)
  object space 150528K, 79% used [0x0000000080000000,0x00000000874bc748,0x0000000089300000)
 Metaspace       used 60851K, committed 62400K, reserved 1114112K
  class space    used 6467K, committed 7104K, reserved 1048576K
}
Event: 30.355 GC heap after
{Heap after GC invocations=227 (full 4):
 PSYoungGen      total 32256K, used 1536K [0x00000000d5580000, 0x00000000d7a00000, 0x0000000100000000)
  eden space 30720K, 0% used [0x00000000d5580000,0x00000000d5580000,0x00000000d7380000)
  from space 1536K, 100% used [0x00000000d7380000,0x00000000d7500000,0x00000000d7500000)
  to   space 2048K, 0% used [0x00000000d7800000,0x00000000d7800000,0x00000000d7a00000)
 ParOldGen       total 150528K, used 119707K [0x0000000080000000, 0x0000000089300000, 0x00000000d5580000)
  object space 150528K, 79% used [0x0000000080000000,0x00000000874e6f48,0x0000000089300000)
 Metaspace       used 60851K, committed 62400K, reserved 1114112K
  class space    used 6467K, committed 7104K, reserved 1048576K
}
Event: 30.404 GC heap before
{Heap before GC invocations=228 (full 4):
 PSYoungGen      total 32256K, used 32256K [0x00000000d5580000, 0x00000000d7a00000, 0x0000000100000000)
  eden space 30720K, 100% used [0x00000000d5580000,0x00000000d7380000,0x00000000d7380000)
  from space 1536K, 100% used [0x00000000d7380000,0x00000000d7500000,0x00000000d7500000)
  to   space 2048K, 0% used [0x00000000d7800000,0x00000000d7800000,0x00000000d7a00000)
 ParOldGen       total 150528K, used 119707K [0x0000000080000000, 0x0000000089300000, 0x00000000d5580000)
  object space 150528K, 79% used [0x0000000080000000,0x00000000874e6f48,0x0000000089300000)
 Metaspace       used 60852K, committed 62400K, reserved 1114112K
  class space    used 6467K, committed 7104K, reserved 1048576K
}
Event: 30.409 GC heap after
{Heap after GC invocations=228 (full 4):
 PSYoungGen      total 34816K, used 1216K [0x00000000d5580000, 0x00000000d7980000, 0x0000000100000000)
  eden space 33280K, 0% used [0x00000000d5580000,0x00000000d5580000,0x00000000d7600000)
  from space 1536K, 79% used [0x00000000d7800000,0x00000000d7930000,0x00000000d7980000)
  to   space 1536K, 0% used [0x00000000d7680000,0x00000000d7680000,0x00000000d7800000)
 ParOldGen       total 150528K, used 119971K [0x0000000080000000, 0x0000000089300000, 0x00000000d5580000)
  object space 150528K, 79% used [0x0000000080000000,0x0000000087528f58,0x0000000089300000)
 Metaspace       used 60852K, committed 62400K, reserved 1114112K
  class space    used 6467K, committed 7104K, reserved 1048576K
}
Event: 30.815 GC heap before
{Heap before GC invocations=229 (full 4):
 PSYoungGen      total 34816K, used 34496K [0x00000000d5580000, 0x00000000d7980000, 0x0000000100000000)
  eden space 33280K, 100% used [0x00000000d5580000,0x00000000d7600000,0x00000000d7600000)
  from space 1536K, 79% used [0x00000000d7800000,0x00000000d7930000,0x00000000d7980000)
  to   space 1536K, 0% used [0x00000000d7680000,0x00000000d7680000,0x00000000d7800000)
 ParOldGen       total 150528K, used 119971K [0x0000000080000000, 0x0000000089300000, 0x00000000d5580000)
  object space 150528K, 79% used [0x0000000080000000,0x0000000087528f58,0x0000000089300000)
 Metaspace       used 61653K, committed 63168K, reserved 1114112K
  class space    used 6563K, committed 7168K, reserved 1048576K
}
Event: 30.844 GC heap after
{Heap after GC invocations=229 (full 4):
 PSYoungGen      total 35328K, used 1536K [0x00000000d5580000, 0x00000000d7f80000, 0x0000000100000000)
  eden space 33792K, 0% used [0x00000000d5580000,0x00000000d5580000,0x00000000d7680000)
  from space 1536K, 100% used [0x00000000d7680000,0x00000000d7800000,0x00000000d7800000)
  to   space 3584K, 0% used [0x00000000d7c00000,0x00000000d7c00000,0x00000000d7f80000)
 ParOldGen       total 150528K, used 121515K [0x0000000080000000, 0x0000000089300000, 0x00000000d5580000)
  object space 150528K, 80% used [0x0000000080000000,0x00000000876aaf98,0x0000000089300000)
 Metaspace       used 61653K, committed 63168K, reserved 1114112K
  class space    used 6563K, committed 7168K, reserved 1048576K
}

