# JRE version: OpenJDK Runtime Environment Temurin-21.0.9+10 (21.0.9+10) (build 21.0.9+10-LTS)
# Java VM: OpenJDK 64-Bit Server VM Temurin-21.0.9+10 (21.0.9+10-LTS, mixed mode, sharing, tiered, compressed oops, compressed class ptrs, parallel gc, windows-amd64)
GC Precious Log:
 CardTable entry size: 512
 CPUs: 8 total, 8 available
 Memory: 3889M
 Large Page Support: Disabled
 NUMA Support: Disabled
 Compressed Oops: Enabled (32-bit)
 Alignments: Space 512K, Generation 512K, Heap 2M
 Heap Min Capacity: 100M
 Heap Initial Capacity: 100M
 Heap Max Capacity: 2G
 Pre-touch: Disabled
 Parallel Workers: 8
Heap:
 PSYoungGen      total 18944K, used 13535K [0x00000000d5580000, 0x00000000d7b80000, 0x0000000100000000)
  eden space 14848K, 65% used [0x00000000d5580000,0x00000000d5f0fc68,0x00000000d6400000)
  from space 4096K, 91% used [0x00000000d7780000,0x00000000d7b28000,0x00000000d7b80000)
  to   space 9216K, 0% used [0x00000000d6980000,0x00000000d6980000,0x00000000d7280000)
 ParOldGen       total 1359872K, used 244200K [0x0000000080000000, 0x00000000d3000000, 0x00000000d5580000)
  object space 1359872K, 17% used [0x0000000080000000,0x000000008ee7a320,0x00000000d3000000)
 Metaspace       used 77363K, committed 79232K, reserved 1179648K
  class space    used 7966K, committed 8832K, reserved 1048576K
GC Heap History (20 events):
Event: 11018.193 GC heap before
{Heap before GC invocations=1425 (full 4):
 PSYoungGen      total 10752K, used 10552K [0x00000000d5580000, 0x00000000d6700000, 0x0000000100000000)
  eden space 5120K, 98% used [0x00000000d5580000,0x00000000d5a6e310,0x00000000d5a80000)
  from space 5632K, 97% used [0x00000000d6080000,0x00000000d65e0000,0x00000000d6600000)
  to   space 6144K, 0% used [0x00000000d5a80000,0x00000000d5a80000,0x00000000d6080000)
 ParOldGen       total 1359872K, used 141752K [0x0000000080000000, 0x00000000d3000000, 0x00000000d5580000)
  object space 1359872K, 10% used [0x0000000080000000,0x0000000088a6e0c8,0x00000000d3000000)
 Metaspace       used 77187K, committed 79168K, reserved 1179648K
  class space    used 7957K, committed 8832K, reserved 1048576K
}
Event: 11018.227 GC heap after
{Heap after GC invocations=1425 (full 4):
 PSYoungGen      total 11264K, used 4560K [0x00000000d5580000, 0x00000000d6580000, 0x0000000100000000)
  eden space 5120K, 0% used [0x00000000d5580000,0x00000000d5580000,0x00000000d5a80000)
  from space 6144K, 74% used [0x00000000d5a80000,0x00000000d5ef4000,0x00000000d6080000)
  to   space 5120K, 0% used [0x00000000d6080000,0x00000000d6080000,0x00000000d6580000)
 ParOldGen       total 1359872K, used 147232K [0x0000000080000000, 0x00000000d3000000, 0x00000000d5580000)
  object space 1359872K, 10% used [0x0000000080000000,0x0000000088fc80c8,0x00000000d3000000)
 Metaspace       used 77187K, committed 79168K, reserved 1179648K
  class space    used 7957K, committed 8832K, reserved 1048576K
}
Event: 11018.275 GC heap before
{Heap before GC invocations=1426 (full 4):
 PSYoungGen      total 11264K, used 9680K [0x00000000d5580000, 0x00000000d6580000, 0x0000000100000000)
  eden space 5120K, 100% used [0x00000000d5580000,0x00000000d5a80000,0x00000000d5a80000)
  from space 6144K, 74% used [0x00000000d5a80000,0x00000000d5ef4000,0x00000000d6080000)
  to   space 5120K, 0% used [0x00000000d6080000,0x00000000d6080000,0x00000000d6580000)
 ParOldGen       total 1359872K, used 147232K [0x0000000080000000, 0x00000000d3000000, 0x00000000d5580000)
  object space 1359872K, 10% used [0x0000000080000000,0x0000000088fc80c8,0x00000000d3000000)
 Metaspace       used 77188K, committed 79168K, reserved 1179648K
  class space    used 7957K, committed 8832K, reserved 1048576K
}
Event: 11018.303 GC heap after
{Heap after GC invocations=1426 (full 4):
 PSYoungGen      total 10752K, used 4208K [0x00000000d5580000, 0x00000000d6500000, 0x0000000100000000)
  eden space 6144K, 0% used [0x00000000d5580000,0x00000000d5580000,0x00000000d5b80000)
  from space 4608K, 91% used [0x00000000d6080000,0x00000000d649c1c0,0x00000000d6500000)
  to   space 4608K, 0% used [0x00000000d5c00000,0x00000000d5c00000,0x00000000d6080000)
 ParOldGen       total 1359872K, used 151392K [0x0000000080000000, 0x00000000d3000000, 0x00000000d5580000)
  object space 1359872K, 11% used [0x0000000080000000,0x00000000893d80d8,0x00000000d3000000)
 Metaspace       used 77188K, committed 79168K, reserved 1179648K
  class space    used 7957K, committed 8832K, reserved 1048576K
}
Event: 11018.313 GC heap before
{Heap before GC invocations=1427 (full 4):
 PSYoungGen      total 10752K, used 10352K [0x00000000d5580000, 0x00000000d6500000, 0x0000000100000000)
  eden space 6144K, 100% used [0x00000000d5580000,0x00000000d5b80000,0x00000000d5b80000)
  from space 4608K, 91% used [0x00000000d6080000,0x00000000d649c1c0,0x00000000d6500000)
  to   space 4608K, 0% used [0x00000000d5c00000,0x00000000d5c00000,0x00000000d6080000)
 ParOldGen       total 1359872K, used 151392K [0x0000000080000000, 0x00000000d3000000, 0x00000000d5580000)
  object space 1359872K, 11% used [0x0000000080000000,0x00000000893d80d8,0x00000000d3000000)
 Metaspace       used 77188K, committed 79168K, reserved 1179648K
  class space    used 7957K, committed 8832K, reserved 1048576K
}
Event: 11018.343 GC heap after
{Heap after GC invocations=1427 (full 4):
 PSYoungGen      total 11264K, used 4608K [0x00000000d5580000, 0x00000000d7300000, 0x0000000100000000)
  eden space 6656K, 0% used [0x00000000d5580000,0x00000000d5580000,0x00000000d5c00000)
  from space 4608K, 100% used [0x00000000d5c00000,0x00000000d6080000,0x00000000d6080000)
  to   space 11264K, 0% used [0x00000000d6800000,0x00000000d6800000,0x00000000d7300000)
 ParOldGen       total 1359872K, used 156904K [0x0000000080000000, 0x00000000d3000000, 0x00000000d5580000)
  object space 1359872K, 11% used [0x0000000080000000,0x000000008993a298,0x00000000d3000000)
 Metaspace       used 77188K, committed 79168K, reserved 1179648K
  class space    used 7957K, committed 8832K, reserved 1048576K
}
Event: 11018.540 GC heap before
{Heap before GC invocations=1428 (full 4):
 PSYoungGen      total 11264K, used 10592K [0x00000000d5580000, 0x00000000d7300000, 0x0000000100000000)
  eden space 6656K, 89% used [0x00000000d5580000,0x00000000d5b583c8,0x00000000d5c00000)
  from space 4608K, 100% used [0x00000000d5c00000,0x00000000d6080000,0x00000000d6080000)
  to   space 11264K, 0% used [0x00000000d6800000,0x00000000d6800000,0x00000000d7300000)
 ParOldGen       total 1359872K, used 156904K [0x0000000080000000, 0x00000000d3000000, 0x00000000d5580000)
  object space 1359872K, 11% used [0x0000000080000000,0x000000008993a298,0x00000000d3000000)
 Metaspace       used 77189K, committed 79168K, reserved 1179648K
  class space    used 7957K, committed 8832K, reserved 1048576K
}
Event: 11018.576 GC heap after
{Heap after GC invocations=1428 (full 4):
 PSYoungGen      total 12288K, used 3761K [0x00000000d5580000, 0x00000000d6c00000, 0x0000000100000000)
  eden space 8192K, 0% used [0x00000000d5580000,0x00000000d5580000,0x00000000d5d80000)
  from space 4096K, 91% used [0x00000000d6800000,0x00000000d6bac780,0x00000000d6c00000)
  to   space 6144K, 0% used [0x00000000d6000000,0x00000000d6000000,0x00000000d6600000)
 ParOldGen       total 1359872K, used 161584K [0x0000000080000000, 0x00000000d3000000, 0x00000000d5580000)
  object space 1359872K, 11% used [0x0000000080000000,0x0000000089dcc298,0x00000000d3000000)
 Metaspace       used 77189K, committed 79168K, reserved 1179648K
  class space    used 7957K, committed 8832K, reserved 1048576K
}
Event: 11019.953 GC heap before
{Heap before GC invocations=1429 (full 4):
 PSYoungGen      total 12288K, used 11932K [0x00000000d5580000, 0x00000000d6c00000, 0x0000000100000000)
  eden space 8192K, 99% used [0x00000000d5580000,0x00000000d5d7ab98,0x00000000d5d80000)
  from space 4096K, 91% used [0x00000000d6800000,0x00000000d6bac780,0x00000000d6c00000)
  to   space 6144K, 0% used [0x00000000d6000000,0x00000000d6000000,0x00000000d6600000)
 ParOldGen       total 1359872K, used 192304K [0x0000000080000000, 0x00000000d3000000, 0x00000000d5580000)
  object space 1359872K, 14% used [0x0000000080000000,0x000000008bbcc2c8,0x00000000d3000000)
 Metaspace       used 77251K, committed 79168K, reserved 1179648K
  class space    used 7966K, committed 8832K, reserved 1048576K
}
Event: 11019.985 GC heap after
{Heap after GC invocations=1429 (full 4):
 PSYoungGen      total 11776K, used 1274K [0x00000000d5580000, 0x00000000d6880000, 0x0000000100000000)
  eden space 10240K, 0% used [0x00000000d5580000,0x00000000d5580000,0x00000000d5f80000)
  from space 1536K, 82% used [0x00000000d6000000,0x00000000d613e920,0x00000000d6180000)
  to   space 3072K, 0% used [0x00000000d6580000,0x00000000d6580000,0x00000000d6880000)
 ParOldGen       total 1359872K, used 194983K [0x0000000080000000, 0x00000000d3000000, 0x00000000d5580000)
  object space 1359872K, 14% used [0x0000000080000000,0x000000008be69f98,0x00000000d3000000)
 Metaspace       used 77251K, committed 79168K, reserved 1179648K
  class space    used 7966K, committed 8832K, reserved 1048576K
}
Event: 11022.220 GC heap before
{Heap before GC invocations=1430 (full 4):
 PSYoungGen      total 11776K, used 11514K [0x00000000d5580000, 0x00000000d6880000, 0x0000000100000000)
  eden space 10240K, 100% used [0x00000000d5580000,0x00000000d5f80000,0x00000000d5f80000)
  from space 1536K, 82% used [0x00000000d6000000,0x00000000d613e920,0x00000000d6180000)
  to   space 3072K, 0% used [0x00000000d6580000,0x00000000d6580000,0x00000000d6880000)
 ParOldGen       total 1359872K, used 194983K [0x0000000080000000, 0x00000000d3000000, 0x00000000d5580000)
  object space 1359872K, 14% used [0x0000000080000000,0x000000008be69f98,0x00000000d3000000)
 Metaspace       used 77263K, committed 79168K, reserved 1179648K
  class space    used 7966K, committed 8832K, reserved 1048576K
}
Event: 11022.237 GC heap after
{Heap after GC invocations=1430 (full 4):
 PSYoungGen      total 13312K, used 724K [0x00000000d5580000, 0x00000000d6680000, 0x0000000100000000)
  eden space 12288K, 0% used [0x00000000d5580000,0x00000000d5580000,0x00000000d6180000)
  from space 1024K, 70% used [0x00000000d6580000,0x00000000d6635220,0x00000000d6680000)
  to   space 1536K, 0% used [0x00000000d6380000,0x00000000d6380000,0x00000000d6500000)
 ParOldGen       total 1359872K, used 196054K [0x0000000080000000, 0x00000000d3000000, 0x00000000d5580000)
  object space 1359872K, 14% used [0x0000000080000000,0x000000008bf758c8,0x00000000d3000000)
 Metaspace       used 77263K, committed 79168K, reserved 1179648K
  class space    used 7966K, committed 8832K, reserved 1048576K
}
Event: 11082.461 GC heap before
{Heap before GC invocations=1431 (full 4):
 PSYoungGen      total 13312K, used 13012K [0x00000000d5580000, 0x00000000d6680000, 0x0000000100000000)
  eden space 12288K, 100% used [0x00000000d5580000,0x00000000d6180000,0x00000000d6180000)
  from space 1024K, 70% used [0x00000000d6580000,0x00000000d6635220,0x00000000d6680000)
  to   space 1536K, 0% used [0x00000000d6380000,0x00000000d6380000,0x00000000d6500000)
 ParOldGen       total 1359872K, used 196054K [0x0000000080000000, 0x00000000d3000000, 0x00000000d5580000)
  object space 1359872K, 14% used [0x0000000080000000,0x000000008bf758c8,0x00000000d3000000)
 Metaspace       used 77292K, committed 79232K, reserved 1179648K
  class space    used 7966K, committed 8832K, reserved 1048576K
}
Event: 11082.550 GC heap after
{Heap after GC invocations=1431 (full 4):
 PSYoungGen      total 13824K, used 1507K [0x00000000d5580000, 0x00000000d7880000, 0x0000000100000000)
  eden space 12288K, 0% used [0x00000000d5580000,0x00000000d5580000,0x00000000d6180000)
  from space 1536K, 98% used [0x00000000d6380000,0x00000000d64f8e90,0x00000000d6500000)
  to   space 11776K, 0% used [0x00000000d6d00000,0x00000000d6d00000,0x00000000d7880000)
 ParOldGen       total 1359872K, used 204558K [0x0000000080000000, 0x00000000d3000000, 0x00000000d5580000)
  object space 1359872K, 15% used [0x0000000080000000,0x000000008c7c38e8,0x00000000d3000000)
 Metaspace       used 77292K, committed 79232K, reserved 1179648K
  class space    used 7966K, committed 8832K, reserved 1048576K
}
Event: 11082.624 GC heap before
{Heap before GC invocations=1432 (full 4):
 PSYoungGen      total 13824K, used 13795K [0x00000000d5580000, 0x00000000d7880000, 0x0000000100000000)
  eden space 12288K, 100% used [0x00000000d5580000,0x00000000d6180000,0x00000000d6180000)
  from space 1536K, 98% used [0x00000000d6380000,0x00000000d64f8e90,0x00000000d6500000)
  to   space 11776K, 0% used [0x00000000d6d00000,0x00000000d6d00000,0x00000000d7880000)
 ParOldGen       total 1359872K, used 204558K [0x0000000080000000, 0x00000000d3000000, 0x00000000d5580000)
  object space 1359872K, 15% used [0x0000000080000000,0x000000008c7c38e8,0x00000000d3000000)
 Metaspace       used 77305K, committed 79232K, reserved 1179648K
  class space    used 7966K, committed 8832K, reserved 1048576K
}
Event: 11082.643 GC heap after
{Heap after GC invocations=1432 (full 4):
 PSYoungGen      total 19456K, used 7154K [0x00000000d5580000, 0x00000000d7400000, 0x0000000100000000)
  eden space 12288K, 0% used [0x00000000d5580000,0x00000000d5580000,0x00000000d6180000)
  from space 7168K, 99% used [0x00000000d6d00000,0x00000000d73fc930,0x00000000d7400000)
  to   space 8192K, 0% used [0x00000000d6400000,0x00000000d6400000,0x00000000d6c00000)
 ParOldGen       total 1359872K, used 206635K [0x0000000080000000, 0x00000000d3000000, 0x00000000d5580000)
  object space 1359872K, 15% used [0x0000000080000000,0x000000008c9caeb0,0x00000000d3000000)
 Metaspace       used 77305K, committed 79232K, reserved 1179648K
  class space    used 7966K, committed 8832K, reserved 1048576K
}
Event: 11082.770 GC heap before
{Heap before GC invocations=1433 (full 4):
 PSYoungGen      total 19456K, used 19442K [0x00000000d5580000, 0x00000000d7400000, 0x0000000100000000)
  eden space 12288K, 100% used [0x00000000d5580000,0x00000000d6180000,0x00000000d6180000)
  from space 7168K, 99% used [0x00000000d6d00000,0x00000000d73fc930,0x00000000d7400000)
  to   space 8192K, 0% used [0x00000000d6400000,0x00000000d6400000,0x00000000d6c00000)
 ParOldGen       total 1359872K, used 206635K [0x0000000080000000, 0x00000000d3000000, 0x00000000d5580000)
  object space 1359872K, 15% used [0x0000000080000000,0x000000008c9caeb0,0x00000000d3000000)
 Metaspace       used 77316K, committed 79232K, reserved 1179648K
  class space    used 7966K, committed 8832K, reserved 1048576K
}
Event: 11082.835 GC heap after
{Heap after GC invocations=1433 (full 4):
 PSYoungGen      total 23040K, used 8189K [0x00000000d5580000, 0x00000000d8b00000, 0x0000000100000000)
  eden space 14848K, 0% used [0x00000000d5580000,0x00000000d5580000,0x00000000d6400000)
  from space 8192K, 99% used [0x00000000d6400000,0x00000000d6bff6b0,0x00000000d6c00000)
  to   space 19968K, 0% used [0x00000000d7780000,0x00000000d7780000,0x00000000d8b00000)
 ParOldGen       total 1359872K, used 216432K [0x0000000080000000, 0x00000000d3000000, 0x00000000d5580000)
  object space 1359872K, 15% used [0x0000000080000000,0x000000008d35c200,0x00000000d3000000)
 Metaspace       used 77316K, committed 79232K, reserved 1179648K
  class space    used 7966K, committed 8832K, reserved 1048576K
}
Event: 11083.630 GC heap before
{Heap before GC invocations=1434 (full 4):
 PSYoungGen      total 23040K, used 23037K [0x00000000d5580000, 0x00000000d8b00000, 0x0000000100000000)
  eden space 14848K, 100% used [0x00000000d5580000,0x00000000d6400000,0x00000000d6400000)
  from space 8192K, 99% used [0x00000000d6400000,0x00000000d6bff6b0,0x00000000d6c00000)
  to   space 19968K, 0% used [0x00000000d7780000,0x00000000d7780000,0x00000000d8b00000)
 ParOldGen       total 1359872K, used 239472K [0x0000000080000000, 0x00000000d3000000, 0x00000000d5580000)
  object space 1359872K, 17% used [0x0000000080000000,0x000000008e9dc220,0x00000000d3000000)
 Metaspace       used 77325K, committed 79232K, reserved 1179648K
  class space    used 7966K, committed 8832K, reserved 1048576K
}
Event: 11083.669 GC heap after
{Heap after GC invocations=1434 (full 4):
 PSYoungGen      total 18944K, used 3744K [0x00000000d5580000, 0x00000000d7b80000, 0x0000000100000000)
  eden space 14848K, 0% used [0x00000000d5580000,0x00000000d5580000,0x00000000d6400000)
  from space 4096K, 91% used [0x00000000d7780000,0x00000000d7b28000,0x00000000d7b80000)
  to   space 9216K, 0% used [0x00000000d6980000,0x00000000d6980000,0x00000000d7280000)
 ParOldGen       total 1359872K, used 244200K [0x0000000080000000, 0x00000000d3000000, 0x00000000d5580000)
  object space 1359872K, 17% used [0x0000000080000000,0x000000008ee7a320,0x00000000d3000000)
 Metaspace       used 77325K, committed 79232K, reserved 1179648K
  class space    used 7966K, committed 8832K, reserved 1048576K
}

