# JRE version: OpenJDK Runtime Environment Temurin-21.0.9+10 (21.0.9+10) (build 21.0.9+10-LTS)
# Java VM: OpenJDK 64-Bit Server VM Temurin-21.0.9+10 (21.0.9+10-LTS, mixed mode, sharing, tiered, compressed oops, compressed class ptrs, parallel gc, windows-amd64)
GC Precious Log:
 CardTable entry size: 512
 CPUs: 8 total, 8 available
 Memory: 3889M
 Large Page Support: Disabled
 NUMA Support: Disabled
 Compressed Oops: Enabled (32-bit)
 Alignments: Space 512K, Generation 512K, Heap 2M
 Heap Min Capacity: 100M
 Heap Initial Capacity: 100M
 Heap Max Capacity: 2G
 Pre-touch: Disabled
 Parallel Workers: 8
Heap:
 PSYoungGen      total 8704K, used 0K [0x00000000d5580000, 0x00000000d6300000, 0x0000000100000000)
  eden space 8192K, 0% used [0x00000000d5580000,0x00000000d5580000,0x00000000d5d80000)
  from space 512K, 0% used [0x00000000d6280000,0x00000000d6280000,0x00000000d6300000)
  to   space 512K, 0% used [0x00000000d6200000,0x00000000d6200000,0x00000000d6280000)
 ParOldGen       total 431616K, used 431566K [0x0000000080000000, 0x000000009a580000, 0x00000000d5580000)
  object space 431616K, 99% used [0x0000000080000000,0x000000009a573a38,0x000000009a580000)
 Metaspace       used 80363K, committed 82112K, reserved 1179648K
  class space    used 8278K, committed 9024K, reserved 1048576K
GC Heap History (20 events):
Event: 2480.258 GC heap after
{Heap after GC invocations=268 (full 3):
 PSYoungGen      total 7680K, used 1007K [0x00000000d5580000, 0x00000000d6c00000, 0x0000000100000000)
  eden space 6656K, 0% used [0x00000000d5580000,0x00000000d5580000,0x00000000d5c00000)
  from space 1024K, 98% used [0x00000000d5f00000,0x00000000d5ffbc40,0x00000000d6000000)
  to   space 8192K, 0% used [0x00000000d6400000,0x00000000d6400000,0x00000000d6c00000)
 ParOldGen       total 391680K, used 391342K [0x0000000080000000, 0x0000000097e80000, 0x00000000d5580000)
  object space 391680K, 99% used [0x0000000080000000,0x0000000097e2b9e8,0x0000000097e80000)
 Metaspace       used 80206K, committed 81920K, reserved 1179648K
  class space    used 8270K, committed 9024K, reserved 1048576K
}
Event: 2480.285 GC heap before
{Heap before GC invocations=269 (full 3):
 PSYoungGen      total 7680K, used 7663K [0x00000000d5580000, 0x00000000d6c00000, 0x0000000100000000)
  eden space 6656K, 100% used [0x00000000d5580000,0x00000000d5c00000,0x00000000d5c00000)
  from space 1024K, 98% used [0x00000000d5f00000,0x00000000d5ffbc40,0x00000000d6000000)
  to   space 8192K, 0% used [0x00000000d6400000,0x00000000d6400000,0x00000000d6c00000)
 ParOldGen       total 391680K, used 391342K [0x0000000080000000, 0x0000000097e80000, 0x00000000d5580000)
  object space 391680K, 99% used [0x0000000080000000,0x0000000097e2b9e8,0x0000000097e80000)
 Metaspace       used 80206K, committed 81920K, reserved 1179648K
  class space    used 8270K, committed 9024K, reserved 1048576K
}
Event: 2480.296 GC heap after
{Heap after GC invocations=269 (full 3):
 PSYoungGen      total 13824K, used 6720K [0x00000000d5580000, 0x00000000d6b00000, 0x0000000100000000)
  eden space 6656K, 0% used [0x00000000d5580000,0x00000000d5580000,0x00000000d5c00000)
  from space 7168K, 93% used [0x00000000d6400000,0x00000000d6a90000,0x00000000d6b00000)
  to   space 7168K, 0% used [0x00000000d5d00000,0x00000000d5d00000,0x00000000d6400000)
 ParOldGen       total 392704K, used 392381K [0x0000000080000000, 0x0000000097f80000, 0x00000000d5580000)
  object space 392704K, 99% used [0x0000000080000000,0x0000000097f2f628,0x0000000097f80000)
 Metaspace       used 80206K, committed 81920K, reserved 1179648K
  class space    used 8270K, committed 9024K, reserved 1048576K
}
Event: 2480.374 GC heap before
{Heap before GC invocations=270 (full 3):
 PSYoungGen      total 13824K, used 13356K [0x00000000d5580000, 0x00000000d6b00000, 0x0000000100000000)
  eden space 6656K, 99% used [0x00000000d5580000,0x00000000d5bfb248,0x00000000d5c00000)
  from space 7168K, 93% used [0x00000000d6400000,0x00000000d6a90000,0x00000000d6b00000)
  to   space 7168K, 0% used [0x00000000d5d00000,0x00000000d5d00000,0x00000000d6400000)
 ParOldGen       total 392704K, used 392381K [0x0000000080000000, 0x0000000097f80000, 0x00000000d5580000)
  object space 392704K, 99% used [0x0000000080000000,0x0000000097f2f628,0x0000000097f80000)
 Metaspace       used 80206K, committed 81920K, reserved 1179648K
  class space    used 8270K, committed 9024K, reserved 1048576K
}
Event: 2480.396 GC heap after
{Heap after GC invocations=270 (full 3):
 PSYoungGen      total 12800K, used 5906K [0x00000000d5580000, 0x00000000d6900000, 0x0000000100000000)
  eden space 6656K, 0% used [0x00000000d5580000,0x00000000d5580000,0x00000000d5c00000)
  from space 6144K, 96% used [0x00000000d5d00000,0x00000000d62c4800,0x00000000d6300000)
  to   space 6144K, 0% used [0x00000000d6300000,0x00000000d6300000,0x00000000d6900000)
 ParOldGen       total 399360K, used 399085K [0x0000000080000000, 0x0000000098600000, 0x00000000d5580000)
  object space 399360K, 99% used [0x0000000080000000,0x00000000985bb628,0x0000000098600000)
 Metaspace       used 80206K, committed 81920K, reserved 1179648K
  class space    used 8270K, committed 9024K, reserved 1048576K
}
Event: 2480.565 GC heap before
{Heap before GC invocations=271 (full 3):
 PSYoungGen      total 12800K, used 12562K [0x00000000d5580000, 0x00000000d6900000, 0x0000000100000000)
  eden space 6656K, 100% used [0x00000000d5580000,0x00000000d5c00000,0x00000000d5c00000)
  from space 6144K, 96% used [0x00000000d5d00000,0x00000000d62c4800,0x00000000d6300000)
  to   space 6144K, 0% used [0x00000000d6300000,0x00000000d6300000,0x00000000d6900000)
 ParOldGen       total 399360K, used 399085K [0x0000000080000000, 0x0000000098600000, 0x00000000d5580000)
  object space 399360K, 99% used [0x0000000080000000,0x00000000985bb628,0x0000000098600000)
 Metaspace       used 80209K, committed 81920K, reserved 1179648K
  class space    used 8270K, committed 9024K, reserved 1048576K
}
Event: 2480.577 GC heap after
{Heap after GC invocations=271 (full 3):
 PSYoungGen      total 12800K, used 5969K [0x00000000d5580000, 0x00000000d6900000, 0x0000000100000000)
  eden space 6656K, 0% used [0x00000000d5580000,0x00000000d5580000,0x00000000d5c00000)
  from space 6144K, 97% used [0x00000000d6300000,0x00000000d68d4530,0x00000000d6900000)
  to   space 6144K, 0% used [0x00000000d5d00000,0x00000000d5d00000,0x00000000d6300000)
 ParOldGen       total 404480K, used 404134K [0x0000000080000000, 0x0000000098b00000, 0x00000000d5580000)
  object space 404480K, 99% used [0x0000000080000000,0x0000000098aa9a28,0x0000000098b00000)
 Metaspace       used 80209K, committed 81920K, reserved 1179648K
  class space    used 8270K, committed 9024K, reserved 1048576K
}
Event: 2480.737 GC heap before
{Heap before GC invocations=272 (full 3):
 PSYoungGen      total 12800K, used 12589K [0x00000000d5580000, 0x00000000d6900000, 0x0000000100000000)
  eden space 6656K, 99% used [0x00000000d5580000,0x00000000d5bf6ef8,0x00000000d5c00000)
  from space 6144K, 97% used [0x00000000d6300000,0x00000000d68d4530,0x00000000d6900000)
  to   space 6144K, 0% used [0x00000000d5d00000,0x00000000d5d00000,0x00000000d6300000)
 ParOldGen       total 404480K, used 404134K [0x0000000080000000, 0x0000000098b00000, 0x00000000d5580000)
  object space 404480K, 99% used [0x0000000080000000,0x0000000098aa9a28,0x0000000098b00000)
 Metaspace       used 80214K, committed 81984K, reserved 1179648K
  class space    used 8270K, committed 9024K, reserved 1048576K
}
Event: 2480.749 GC heap after
{Heap after GC invocations=272 (full 3):
 PSYoungGen      total 12800K, used 6113K [0x00000000d5580000, 0x00000000d7800000, 0x0000000100000000)
  eden space 6656K, 0% used [0x00000000d5580000,0x00000000d5580000,0x00000000d5c00000)
  from space 6144K, 99% used [0x00000000d5d00000,0x00000000d62f8640,0x00000000d6300000)
  to   space 14336K, 0% used [0x00000000d6a00000,0x00000000d6a00000,0x00000000d7800000)
 ParOldGen       total 411136K, used 410832K [0x0000000080000000, 0x0000000099180000, 0x00000000d5580000)
  object space 411136K, 99% used [0x0000000080000000,0x0000000099134088,0x0000000099180000)
 Metaspace       used 80214K, committed 81984K, reserved 1179648K
  class space    used 8270K, committed 9024K, reserved 1048576K
}
Event: 2480.814 GC heap before
{Heap before GC invocations=273 (full 3):
 PSYoungGen      total 12800K, used 12655K [0x00000000d5580000, 0x00000000d7800000, 0x0000000100000000)
  eden space 6656K, 98% used [0x00000000d5580000,0x00000000d5be3948,0x00000000d5c00000)
  from space 6144K, 99% used [0x00000000d5d00000,0x00000000d62f8640,0x00000000d6300000)
  to   space 14336K, 0% used [0x00000000d6a00000,0x00000000d6a00000,0x00000000d7800000)
 ParOldGen       total 411136K, used 410832K [0x0000000080000000, 0x0000000099180000, 0x00000000d5580000)
  object space 411136K, 99% used [0x0000000080000000,0x0000000099134088,0x0000000099180000)
 Metaspace       used 80214K, committed 81984K, reserved 1179648K
  class space    used 8270K, committed 9024K, reserved 1048576K
}
Event: 2480.826 GC heap after
{Heap after GC invocations=273 (full 3):
 PSYoungGen      total 12800K, used 6122K [0x00000000d5580000, 0x00000000d7000000, 0x0000000100000000)
  eden space 6656K, 0% used [0x00000000d5580000,0x00000000d5580000,0x00000000d5c00000)
  from space 6144K, 99% used [0x00000000d6a00000,0x00000000d6ffa838,0x00000000d7000000)
  to   space 8704K, 0% used [0x00000000d5f00000,0x00000000d5f00000,0x00000000d6780000)
 ParOldGen       total 416768K, used 416673K [0x0000000080000000, 0x0000000099700000, 0x00000000d5580000)
  object space 416768K, 99% used [0x0000000080000000,0x00000000996e86d8,0x0000000099700000)
 Metaspace       used 80214K, committed 81984K, reserved 1179648K
  class space    used 8270K, committed 9024K, reserved 1048576K
}
Event: 2481.124 GC heap before
{Heap before GC invocations=274 (full 3):
 PSYoungGen      total 12800K, used 12778K [0x00000000d5580000, 0x00000000d7000000, 0x0000000100000000)
  eden space 6656K, 100% used [0x00000000d5580000,0x00000000d5c00000,0x00000000d5c00000)
  from space 6144K, 99% used [0x00000000d6a00000,0x00000000d6ffa838,0x00000000d7000000)
  to   space 8704K, 0% used [0x00000000d5f00000,0x00000000d5f00000,0x00000000d6780000)
 ParOldGen       total 416768K, used 416673K [0x0000000080000000, 0x0000000099700000, 0x00000000d5580000)
  object space 416768K, 99% used [0x0000000080000000,0x00000000996e86d8,0x0000000099700000)
 Metaspace       used 80245K, committed 81984K, reserved 1179648K
  class space    used 8274K, committed 9024K, reserved 1048576K
}
Event: 2481.136 GC heap after
{Heap after GC invocations=274 (full 3):
 PSYoungGen      total 11264K, used 4118K [0x00000000d5580000, 0x00000000d6a80000, 0x0000000100000000)
  eden space 6656K, 0% used [0x00000000d5580000,0x00000000d5580000,0x00000000d5c00000)
  from space 4608K, 89% used [0x00000000d5f00000,0x00000000d6305ae8,0x00000000d6380000)
  to   space 5632K, 0% used [0x00000000d6500000,0x00000000d6500000,0x00000000d6a80000)
 ParOldGen       total 422400K, used 422017K [0x0000000080000000, 0x0000000099c80000, 0x00000000d5580000)
  object space 422400K, 99% used [0x0000000080000000,0x0000000099c20660,0x0000000099c80000)
 Metaspace       used 80245K, committed 81984K, reserved 1179648K
  class space    used 8274K, committed 9024K, reserved 1048576K
}
Event: 2481.234 GC heap before
{Heap before GC invocations=275 (full 3):
 PSYoungGen      total 11264K, used 10774K [0x00000000d5580000, 0x00000000d6a80000, 0x0000000100000000)
  eden space 6656K, 100% used [0x00000000d5580000,0x00000000d5c00000,0x00000000d5c00000)
  from space 4608K, 89% used [0x00000000d5f00000,0x00000000d6305ae8,0x00000000d6380000)
  to   space 5632K, 0% used [0x00000000d6500000,0x00000000d6500000,0x00000000d6a80000)
 ParOldGen       total 422400K, used 422017K [0x0000000080000000, 0x0000000099c80000, 0x00000000d5580000)
  object space 422400K, 99% used [0x0000000080000000,0x0000000099c20660,0x0000000099c80000)
 Metaspace       used 80273K, committed 82048K, reserved 1179648K
  class space    used 8274K, committed 9024K, reserved 1048576K
}
Event: 2481.240 GC heap after
{Heap after GC invocations=275 (full 3):
 PSYoungGen      total 9728K, used 2988K [0x00000000d5580000, 0x00000000d6800000, 0x0000000100000000)
  eden space 6656K, 0% used [0x00000000d5580000,0x00000000d5580000,0x00000000d5c00000)
  from space 3072K, 97% used [0x00000000d6500000,0x00000000d67eb230,0x00000000d6800000)
  to   space 4096K, 0% used [0x00000000d6000000,0x00000000d6000000,0x00000000d6400000)
 ParOldGen       total 425984K, used 425959K [0x0000000080000000, 0x000000009a000000, 0x00000000d5580000)
  object space 425984K, 99% used [0x0000000080000000,0x0000000099ff9ff0,0x000000009a000000)
 Metaspace       used 80273K, committed 82048K, reserved 1179648K
  class space    used 8274K, committed 9024K, reserved 1048576K
}
Event: 2481.406 GC heap before
{Heap before GC invocations=276 (full 3):
 PSYoungGen      total 9728K, used 9644K [0x00000000d5580000, 0x00000000d6800000, 0x0000000100000000)
  eden space 6656K, 100% used [0x00000000d5580000,0x00000000d5c00000,0x00000000d5c00000)
  from space 3072K, 97% used [0x00000000d6500000,0x00000000d67eb230,0x00000000d6800000)
  to   space 4096K, 0% used [0x00000000d6000000,0x00000000d6000000,0x00000000d6400000)
 ParOldGen       total 425984K, used 425959K [0x0000000080000000, 0x000000009a000000, 0x00000000d5580000)
  object space 425984K, 99% used [0x0000000080000000,0x0000000099ff9ff0,0x000000009a000000)
 Metaspace       used 80282K, committed 82048K, reserved 1179648K
  class space    used 8274K, committed 9024K, reserved 1048576K
}
Event: 2481.419 GC heap after
{Heap after GC invocations=276 (full 3):
 PSYoungGen      total 8704K, used 1861K [0x00000000d5580000, 0x00000000d6580000, 0x0000000100000000)
  eden space 6656K, 0% used [0x00000000d5580000,0x00000000d5580000,0x00000000d5c00000)
  from space 2048K, 90% used [0x00000000d6000000,0x00000000d61d14d8,0x00000000d6200000)
  to   space 2560K, 0% used [0x00000000d6300000,0x00000000d6300000,0x00000000d6580000)
 ParOldGen       total 429056K, used 428821K [0x0000000080000000, 0x000000009a300000, 0x00000000d5580000)
  object space 429056K, 99% used [0x0000000080000000,0x000000009a2c54a0,0x000000009a300000)
 Metaspace       used 80282K, committed 82048K, reserved 1179648K
  class space    used 8274K, committed 9024K, reserved 1048576K
}
Event: 2482.021 GC heap before
{Heap before GC invocations=277 (full 3):
 PSYoungGen      total 8704K, used 8486K [0x00000000d5580000, 0x00000000d6580000, 0x0000000100000000)
  eden space 6656K, 99% used [0x00000000d5580000,0x00000000d5bf8698,0x00000000d5c00000)
  from space 2048K, 90% used [0x00000000d6000000,0x00000000d61d14d8,0x00000000d6200000)
  to   space 2560K, 0% used [0x00000000d6300000,0x00000000d6300000,0x00000000d6580000)
 ParOldGen       total 429056K, used 428821K [0x0000000080000000, 0x000000009a300000, 0x00000000d5580000)
  object space 429056K, 99% used [0x0000000080000000,0x000000009a2c54a0,0x000000009a300000)
 Metaspace       used 80333K, committed 82048K, reserved 1179648K
  class space    used 8277K, committed 9024K, reserved 1048576K
}
Event: 2482.035 GC heap after
{Heap after GC invocations=277 (full 3):
 PSYoungGen      total 8192K, used 1164K [0x00000000d5580000, 0x00000000d6480000, 0x0000000100000000)
  eden space 6656K, 0% used [0x00000000d5580000,0x00000000d5580000,0x00000000d5c00000)
  from space 1536K, 75% used [0x00000000d6300000,0x00000000d64230a8,0x00000000d6480000)
  to   space 1536K, 0% used [0x00000000d6180000,0x00000000d6180000,0x00000000d6300000)
 ParOldGen       total 430592K, used 430419K [0x0000000080000000, 0x000000009a480000, 0x00000000d5580000)
  object space 430592K, 99% used [0x0000000080000000,0x000000009a454c10,0x000000009a480000)
 Metaspace       used 80333K, committed 82048K, reserved 1179648K
  class space    used 8277K, committed 9024K, reserved 1048576K
}
Event: 2482.139 GC heap before
{Heap before GC invocations=278 (full 3):
 PSYoungGen      total 8192K, used 3489K [0x00000000d5580000, 0x00000000d6480000, 0x0000000100000000)
  eden space 6656K, 34% used [0x00000000d5580000,0x00000000d57c5470,0x00000000d5c00000)
  from space 1536K, 75% used [0x00000000d6300000,0x00000000d64230a8,0x00000000d6480000)
  to   space 1536K, 0% used [0x00000000d6180000,0x00000000d6180000,0x00000000d6300000)
 ParOldGen       total 430592K, used 430419K [0x0000000080000000, 0x000000009a480000, 0x00000000d5580000)
  object space 430592K, 99% used [0x0000000080000000,0x000000009a454c10,0x000000009a480000)
 Metaspace       used 80363K, committed 82112K, reserved 1179648K
  class space    used 8278K, committed 9024K, reserved 1048576K
}

